c:\my\projects\newunidriver\mqtt_service\mqttbroker\mqtt_lib\mqtt_lib\debug\mqtt_lib.pch
c:\my\projects\newunidriver\mqtt_service\mqttbroker\mqtt_lib\mqtt_lib\debug\vc120.pdb
c:\my\projects\newunidriver\mqtt_service\mqttbroker\mqtt_lib\mqtt_lib\debug\stdafx.obj
c:\my\projects\newunidriver\mqtt_service\mqttbroker\mqtt_lib\mqtt_lib\debug\mqtt_lib.obj
c:\my\projects\newunidriver\mqtt_service\mqttbroker\mqtt_lib\mqtt_lib\debug\assemblyinfo.obj
c:\my\projects\newunidriver\mqtt_service\mqttbroker\mqtt_lib\mqtt_lib\debug\.netframework,version=v4.5.assemblyattributes.obj
c:\my\projects\newunidriver\mqtt_service\mqttbroker\mqtt_lib\mqtt_lib\debug\vc120.idb
c:\my\projects\newunidriver\mqtt_service\mqttbroker\mqtt_lib\mqtt_lib\debug\time_mosq.obj
c:\my\projects\newunidriver\mqtt_service\mqttbroker\mqtt_lib\mqtt_lib\debug\tls_mosq.obj
c:\my\projects\newunidriver\mqtt_service\mqttbroker\mqtt_lib\mqtt_lib\debug\logging_mosq.obj
c:\my\projects\newunidriver\mqtt_service\mqttbroker\mqtt_lib\mqtt_lib\debug\memory_mosq.obj
c:\my\projects\newunidriver\mqtt_service\mqttbroker\mqtt_lib\mqtt_lib\debug\messages_mosq.obj
c:\my\projects\newunidriver\mqtt_service\mqttbroker\mqtt_lib\mqtt_lib\debug\mosquitto.obj
c:\my\projects\newunidriver\mqtt_service\mqttbroker\mqtt_lib\mqtt_lib\debug\net_mosq.obj
c:\my\projects\newunidriver\mqtt_service\mqttbroker\mqtt_lib\mqtt_lib\debug\read_handle.obj
c:\my\projects\newunidriver\mqtt_service\mqttbroker\mqtt_lib\mqtt_lib\debug\read_handle_client.obj
c:\my\projects\newunidriver\mqtt_service\mqttbroker\mqtt_lib\mqtt_lib\debug\read_handle_shared.obj
c:\my\projects\newunidriver\mqtt_service\mqttbroker\mqtt_lib\mqtt_lib\debug\send_client_mosq.obj
c:\my\projects\newunidriver\mqtt_service\mqttbroker\mqtt_lib\mqtt_lib\debug\send_mosq.obj
c:\my\projects\newunidriver\mqtt_service\mqttbroker\mqtt_lib\mqtt_lib\debug\socks_mosq.obj
c:\my\projects\newunidriver\mqtt_service\mqttbroker\mqtt_lib\mqtt_lib\debug\srv_mosq.obj
c:\my\projects\newunidriver\mqtt_service\mqttbroker\mqtt_lib\mqtt_lib\debug\thread_mosq.obj
c:\my\projects\newunidriver\mqtt_service\mqttbroker\mqtt_lib\mqtt_lib\debug\util_mosq.obj
c:\my\projects\newunidriver\mqtt_service\mqttbroker\mqtt_lib\mqtt_lib\debug\will_mosq.obj
c:\my\projects\newunidriver\mqtt_service\mqttbroker\debug\mqtt_lib.lib
c:\my\projects\newunidriver\mqtt_service\mqttbroker\mqtt_lib\debug\mqtt_lib.dll
c:\my\projects\newunidriver\mqtt_service\mqttbroker\mqtt_lib\debug\mqtt_lib.pdb
c:\my\projects\newunidriver\mqtt_service\mqttbroker\mqtt_lib\mqtt_lib\debug\app.res
c:\my\projects\newunidriver\mqtt_service\mqttbroker\mqtt_lib\mqtt_lib\debug\mqtt_lib.vcxprojresolveassemblyreference.cache
c:\my\projects\newunidriver\mqtt_service\mqttbroker\mqtt_lib\mqtt_lib\debug\mqtt_lib.tlog\cl.command.1.tlog
c:\my\projects\newunidriver\mqtt_service\mqttbroker\mqtt_lib\mqtt_lib\debug\mqtt_lib.tlog\cl.read.1.tlog
c:\my\projects\newunidriver\mqtt_service\mqttbroker\mqtt_lib\mqtt_lib\debug\mqtt_lib.tlog\cl.write.1.tlog
c:\my\projects\newunidriver\mqtt_service\mqttbroker\mqtt_lib\mqtt_lib\debug\mqtt_lib.tlog\lib-link.read.1.tlog
c:\my\projects\newunidriver\mqtt_service\mqttbroker\mqtt_lib\mqtt_lib\debug\mqtt_lib.tlog\lib-link.write.1.tlog
c:\my\projects\newunidriver\mqtt_service\mqttbroker\mqtt_lib\mqtt_lib\debug\mqtt_lib.tlog\lib.command.1.tlog
c:\my\projects\newunidriver\mqtt_service\mqttbroker\mqtt_lib\mqtt_lib\debug\mqtt_lib.tlog\link.command.1.tlog
c:\my\projects\newunidriver\mqtt_service\mqttbroker\mqtt_lib\mqtt_lib\debug\mqtt_lib.tlog\link.read.1.tlog
c:\my\projects\newunidriver\mqtt_service\mqttbroker\mqtt_lib\mqtt_lib\debug\mqtt_lib.tlog\link.write.1.tlog
c:\my\projects\newunidriver\mqtt_service\mqttbroker\mqtt_lib\mqtt_lib\debug\mqtt_lib.tlog\metagen.read.1.tlog
c:\my\projects\newunidriver\mqtt_service\mqttbroker\mqtt_lib\mqtt_lib\debug\mqtt_lib.tlog\metagen.write.1.tlog
c:\my\projects\newunidriver\mqtt_service\mqttbroker\mqtt_lib\mqtt_lib\debug\mqtt_lib.tlog\rc.command.1.tlog
c:\my\projects\newunidriver\mqtt_service\mqttbroker\mqtt_lib\mqtt_lib\debug\mqtt_lib.tlog\rc.read.1.tlog
c:\my\projects\newunidriver\mqtt_service\mqttbroker\mqtt_lib\mqtt_lib\debug\mqtt_lib.tlog\rc.write.1.tlog
c:\my\projects\newunidriver\mqtt_service\mqttbroker\mqtt_lib\mqtt_lib\debug\mqtt_lib.tlog\rsaenh.dll.bi
c:\my\projects\newunidriver\mqtt_service\mqttbroker\mqtt_lib\mqtt_lib\debug\mqtt_lib.tlog\tzres.dll.bi
