  truetype.c
  smooth.c
  sfnt.c
  raster.c
  psnames.c
  pshinter.c
  cff.c
  ftsystem.c
c:\my\mkrproj\mkrnavsolution\kernel-mvs\freetype\freetype_library\src\base\ftsystem.c(240): warning C4996: 'fopen': This function or variable may be unsafe. Consider using fopen_s instead. To disable deprecation, use _CRT_SECURE_NO_WARNINGS. See online help for details.
  c:\program files (x86)\windows kits\10\include\10.0.10240.0\ucrt\stdio.h(205): note: see declaration of 'fopen'
  ftstroke.c
  ftlcdfil.c
  ftinit.c
  ftglyph.c
  ftgasp.c
  ftfstype.c
  ftbitmap.c
  ftbbox.c
  ftbase.c
c:\my\mkrproj\mkrnavsolution\kernel-mvs\freetype\freetype_library\src\base\ftrfork.c(798): warning C4996: 'strncpy': This function or variable may be unsafe. Consider using strncpy_s instead. To disable deprecation, use _CRT_SECURE_NO_WARNINGS. See online help for details.
  c:\program files (x86)\windows kits\10\include\10.0.10240.0\ucrt\string.h(346): note: see declaration of 'strncpy'
c:\my\mkrproj\mkrnavsolution\kernel-mvs\freetype\freetype_library\src\base\ftrfork.c(808): warning C4996: 'strcat': This function or variable may be unsafe. Consider using strcat_s instead. To disable deprecation, use _CRT_SECURE_NO_WARNINGS. See online help for details.
  c:\program files (x86)\windows kits\10\include\10.0.10240.0\ucrt\string.h(90): note: see declaration of 'strcat'
c:\my\mkrproj\mkrnavsolution\kernel-mvs\freetype\freetype_library\src\base\ftrfork.c(809): warning C4996: 'strcat': This function or variable may be unsafe. Consider using strcat_s instead. To disable deprecation, use _CRT_SECURE_NO_WARNINGS. See online help for details.
  c:\program files (x86)\windows kits\10\include\10.0.10240.0\ucrt\string.h(90): note: see declaration of 'strcat'
  autofit.c
  Generating Code...
  freetype.vcxproj -> C:\my\MkrProj\MkrNavSolution\kernel-mvs\VCProjects\MkrNav\Debug\freetype.lib
