c:\my\fcnavigation\fcnav-kernel-mvs\vcprojects\mkrnav\freetype\debug\vc120.pdb
c:\my\fcnavigation\fcnav-kernel-mvs\vcprojects\mkrnav\freetype\debug\vc120.idb
c:\my\fcnavigation\fcnav-kernel-mvs\vcprojects\mkrnav\freetype\debug\autofit.obj
c:\my\fcnavigation\fcnav-kernel-mvs\vcprojects\mkrnav\freetype\debug\ftbase.obj
c:\my\fcnavigation\fcnav-kernel-mvs\vcprojects\mkrnav\freetype\debug\ftbbox.obj
c:\my\fcnavigation\fcnav-kernel-mvs\vcprojects\mkrnav\freetype\debug\ftbitmap.obj
c:\my\fcnavigation\fcnav-kernel-mvs\vcprojects\mkrnav\freetype\debug\ftfstype.obj
c:\my\fcnavigation\fcnav-kernel-mvs\vcprojects\mkrnav\freetype\debug\ftgasp.obj
c:\my\fcnavigation\fcnav-kernel-mvs\vcprojects\mkrnav\freetype\debug\ftglyph.obj
c:\my\fcnavigation\fcnav-kernel-mvs\vcprojects\mkrnav\freetype\debug\ftinit.obj
c:\my\fcnavigation\fcnav-kernel-mvs\vcprojects\mkrnav\freetype\debug\ftlcdfil.obj
c:\my\fcnavigation\fcnav-kernel-mvs\vcprojects\mkrnav\freetype\debug\ftstroke.obj
c:\my\fcnavigation\fcnav-kernel-mvs\vcprojects\mkrnav\freetype\debug\ftsystem.obj
c:\my\fcnavigation\fcnav-kernel-mvs\vcprojects\mkrnav\freetype\debug\cff.obj
c:\my\fcnavigation\fcnav-kernel-mvs\vcprojects\mkrnav\freetype\debug\pshinter.obj
c:\my\fcnavigation\fcnav-kernel-mvs\vcprojects\mkrnav\freetype\debug\psnames.obj
c:\my\fcnavigation\fcnav-kernel-mvs\vcprojects\mkrnav\freetype\debug\raster.obj
c:\my\fcnavigation\fcnav-kernel-mvs\vcprojects\mkrnav\freetype\debug\sfnt.obj
c:\my\fcnavigation\fcnav-kernel-mvs\vcprojects\mkrnav\freetype\debug\smooth.obj
c:\my\fcnavigation\fcnav-kernel-mvs\vcprojects\mkrnav\freetype\debug\truetype.obj
c:\my\fcnavigation\fcnav-kernel-mvs\vcprojects\mkrnav\debug\freetype.lib
c:\my\fcnavigation\fcnav-kernel-mvs\vcprojects\mkrnav\freetype\debug\freetype.tlog\cl.command.1.tlog
c:\my\fcnavigation\fcnav-kernel-mvs\vcprojects\mkrnav\freetype\debug\freetype.tlog\cl.read.1.tlog
c:\my\fcnavigation\fcnav-kernel-mvs\vcprojects\mkrnav\freetype\debug\freetype.tlog\cl.write.1.tlog
c:\my\fcnavigation\fcnav-kernel-mvs\vcprojects\mkrnav\freetype\debug\freetype.tlog\lib-link.read.1.tlog
c:\my\fcnavigation\fcnav-kernel-mvs\vcprojects\mkrnav\freetype\debug\freetype.tlog\lib-link.write.1.tlog
c:\my\fcnavigation\fcnav-kernel-mvs\vcprojects\mkrnav\freetype\debug\freetype.tlog\lib.command.1.tlog
