c:\my\voip\pjproject-2.4.5\pjsip\build\output\pjsip_core--win32-vc8-debug\pjsip_core.bsc
c:\mkr_proj_git\mkr_proj\newunidriver\voip\pjsip-245\pjsip\build\output\pjsip_core--win32-vc8-debug\pjsip_core.bsc
c:\my\voip\pjproject-2.4.5\pjsip\build\output\pjsip_core--win32-vc8-debug\pjsip_core.pdb
c:\mkr_proj_git\mkr_proj\newunidriver\voip\pjsip-245\pjsip\build\output\pjsip_core--win32-vc8-debug\pjsip_core.pdb
c:\mkr_proj_git\mkr_proj\newunidriver\voip\pjsip-245\pjsip\build\output\pjsip_core--win32-vc8-debug\pjsip_core.idb
c:\mkr_proj_git\mkr_proj\newunidriver\voip\pjsip-245\pjsip\build\output\pjsip_core--win32-vc8-debug\sip_auth_aka.sbr
c:\mkr_proj_git\mkr_proj\newunidriver\voip\pjsip-245\pjsip\build\output\pjsip_core--win32-vc8-debug\sip_auth_client.sbr
c:\mkr_proj_git\mkr_proj\newunidriver\voip\pjsip-245\pjsip\build\output\pjsip_core--win32-vc8-debug\sip_auth_msg.sbr
c:\mkr_proj_git\mkr_proj\newunidriver\voip\pjsip-245\pjsip\build\output\pjsip_core--win32-vc8-debug\sip_auth_parser.sbr
c:\mkr_proj_git\mkr_proj\newunidriver\voip\pjsip-245\pjsip\build\output\pjsip_core--win32-vc8-debug\sip_auth_server.sbr
c:\mkr_proj_git\mkr_proj\newunidriver\voip\pjsip-245\pjsip\build\output\pjsip_core--win32-vc8-debug\sip_config.sbr
c:\mkr_proj_git\mkr_proj\newunidriver\voip\pjsip-245\pjsip\build\output\pjsip_core--win32-vc8-debug\sip_dialog.sbr
c:\mkr_proj_git\mkr_proj\newunidriver\voip\pjsip-245\pjsip\build\output\pjsip_core--win32-vc8-debug\sip_endpoint.sbr
c:\mkr_proj_git\mkr_proj\newunidriver\voip\pjsip-245\pjsip\build\output\pjsip_core--win32-vc8-debug\sip_errno.sbr
c:\mkr_proj_git\mkr_proj\newunidriver\voip\pjsip-245\pjsip\build\output\pjsip_core--win32-vc8-debug\sip_msg.sbr
c:\mkr_proj_git\mkr_proj\newunidriver\voip\pjsip-245\pjsip\build\output\pjsip_core--win32-vc8-debug\sip_multipart.sbr
c:\mkr_proj_git\mkr_proj\newunidriver\voip\pjsip-245\pjsip\build\output\pjsip_core--win32-vc8-debug\sip_parser.sbr
c:\mkr_proj_git\mkr_proj\newunidriver\voip\pjsip-245\pjsip\build\output\pjsip_core--win32-vc8-debug\sip_resolve.sbr
c:\mkr_proj_git\mkr_proj\newunidriver\voip\pjsip-245\pjsip\build\output\pjsip_core--win32-vc8-debug\sip_tel_uri.sbr
c:\mkr_proj_git\mkr_proj\newunidriver\voip\pjsip-245\pjsip\build\output\pjsip_core--win32-vc8-debug\sip_transaction.sbr
c:\mkr_proj_git\mkr_proj\newunidriver\voip\pjsip-245\pjsip\build\output\pjsip_core--win32-vc8-debug\sip_transport.sbr
c:\mkr_proj_git\mkr_proj\newunidriver\voip\pjsip-245\pjsip\build\output\pjsip_core--win32-vc8-debug\sip_transport_loop.sbr
c:\mkr_proj_git\mkr_proj\newunidriver\voip\pjsip-245\pjsip\build\output\pjsip_core--win32-vc8-debug\sip_transport_tcp.sbr
c:\mkr_proj_git\mkr_proj\newunidriver\voip\pjsip-245\pjsip\build\output\pjsip_core--win32-vc8-debug\sip_transport_tls.sbr
c:\mkr_proj_git\mkr_proj\newunidriver\voip\pjsip-245\pjsip\build\output\pjsip_core--win32-vc8-debug\sip_transport_udp.sbr
c:\mkr_proj_git\mkr_proj\newunidriver\voip\pjsip-245\pjsip\build\output\pjsip_core--win32-vc8-debug\sip_transport_udp.obj
c:\mkr_proj_git\mkr_proj\newunidriver\voip\pjsip-245\pjsip\build\output\pjsip_core--win32-vc8-debug\sip_transport_tls.obj
c:\mkr_proj_git\mkr_proj\newunidriver\voip\pjsip-245\pjsip\build\output\pjsip_core--win32-vc8-debug\sip_transport_tcp.obj
c:\mkr_proj_git\mkr_proj\newunidriver\voip\pjsip-245\pjsip\build\output\pjsip_core--win32-vc8-debug\sip_transport_loop.obj
c:\mkr_proj_git\mkr_proj\newunidriver\voip\pjsip-245\pjsip\build\output\pjsip_core--win32-vc8-debug\sip_transport.obj
c:\mkr_proj_git\mkr_proj\newunidriver\voip\pjsip-245\pjsip\build\output\pjsip_core--win32-vc8-debug\sip_transaction.obj
c:\mkr_proj_git\mkr_proj\newunidriver\voip\pjsip-245\pjsip\build\output\pjsip_core--win32-vc8-debug\sip_tel_uri.obj
c:\mkr_proj_git\mkr_proj\newunidriver\voip\pjsip-245\pjsip\build\output\pjsip_core--win32-vc8-debug\sip_resolve.obj
c:\mkr_proj_git\mkr_proj\newunidriver\voip\pjsip-245\pjsip\build\output\pjsip_core--win32-vc8-debug\sip_parser.obj
c:\mkr_proj_git\mkr_proj\newunidriver\voip\pjsip-245\pjsip\build\output\pjsip_core--win32-vc8-debug\sip_multipart.obj
c:\mkr_proj_git\mkr_proj\newunidriver\voip\pjsip-245\pjsip\build\output\pjsip_core--win32-vc8-debug\sip_msg.obj
c:\mkr_proj_git\mkr_proj\newunidriver\voip\pjsip-245\pjsip\build\output\pjsip_core--win32-vc8-debug\sip_errno.obj
c:\mkr_proj_git\mkr_proj\newunidriver\voip\pjsip-245\pjsip\build\output\pjsip_core--win32-vc8-debug\sip_endpoint.obj
c:\mkr_proj_git\mkr_proj\newunidriver\voip\pjsip-245\pjsip\build\output\pjsip_core--win32-vc8-debug\sip_dialog.obj
c:\mkr_proj_git\mkr_proj\newunidriver\voip\pjsip-245\pjsip\build\output\pjsip_core--win32-vc8-debug\sip_config.obj
c:\mkr_proj_git\mkr_proj\newunidriver\voip\pjsip-245\pjsip\build\output\pjsip_core--win32-vc8-debug\sip_auth_server.obj
c:\mkr_proj_git\mkr_proj\newunidriver\voip\pjsip-245\pjsip\build\output\pjsip_core--win32-vc8-debug\sip_auth_parser.obj
c:\mkr_proj_git\mkr_proj\newunidriver\voip\pjsip-245\pjsip\build\output\pjsip_core--win32-vc8-debug\sip_auth_msg.obj
c:\mkr_proj_git\mkr_proj\newunidriver\voip\pjsip-245\pjsip\build\output\pjsip_core--win32-vc8-debug\sip_auth_client.obj
c:\mkr_proj_git\mkr_proj\newunidriver\voip\pjsip-245\pjsip\build\output\pjsip_core--win32-vc8-debug\sip_auth_aka.obj
c:\mkr_proj_git\mkr_proj\newunidriver\voip\pjsip-245\pjsip\build\output\pjsip_core--win32-vc8-debug\sip_ua_layer.sbr
c:\mkr_proj_git\mkr_proj\newunidriver\voip\pjsip-245\pjsip\build\output\pjsip_core--win32-vc8-debug\sip_uri.sbr
c:\mkr_proj_git\mkr_proj\newunidriver\voip\pjsip-245\pjsip\build\output\pjsip_core--win32-vc8-debug\sip_util.sbr
c:\mkr_proj_git\mkr_proj\newunidriver\voip\pjsip-245\pjsip\build\output\pjsip_core--win32-vc8-debug\sip_util_proxy.sbr
c:\mkr_proj_git\mkr_proj\newunidriver\voip\pjsip-245\pjsip\build\output\pjsip_core--win32-vc8-debug\sip_util_statefull.sbr
c:\mkr_proj_git\mkr_proj\newunidriver\voip\pjsip-245\pjsip\build\output\pjsip_core--win32-vc8-debug\sip_util_statefull.obj
c:\mkr_proj_git\mkr_proj\newunidriver\voip\pjsip-245\pjsip\build\output\pjsip_core--win32-vc8-debug\sip_util_proxy.obj
c:\mkr_proj_git\mkr_proj\newunidriver\voip\pjsip-245\pjsip\build\output\pjsip_core--win32-vc8-debug\sip_util.obj
c:\mkr_proj_git\mkr_proj\newunidriver\voip\pjsip-245\pjsip\build\output\pjsip_core--win32-vc8-debug\sip_uri.obj
c:\mkr_proj_git\mkr_proj\newunidriver\voip\pjsip-245\pjsip\build\output\pjsip_core--win32-vc8-debug\sip_ua_layer.obj
c:\my\voip\pjproject-2.4.5\pjsip\lib\pjsip-core-i386-win32-vc8-debug.lib
c:\mkr_proj_git\mkr_proj\newunidriver\voip\pjsip-245\pjsip\lib\pjsip-core-i386-win32-vc8-debug.lib
c:\mkr_proj_git\mkr_proj\newunidriver\voip\pjsip-245\pjsip\build\output\pjsip_core--win32-vc8-debug\pjsip_core.tlog\bscmake.command.1.tlog
c:\mkr_proj_git\mkr_proj\newunidriver\voip\pjsip-245\pjsip\build\output\pjsip_core--win32-vc8-debug\pjsip_core.tlog\bscmake.read.1.tlog
c:\mkr_proj_git\mkr_proj\newunidriver\voip\pjsip-245\pjsip\build\output\pjsip_core--win32-vc8-debug\pjsip_core.tlog\bscmake.write.1.tlog
c:\mkr_proj_git\mkr_proj\newunidriver\voip\pjsip-245\pjsip\build\output\pjsip_core--win32-vc8-debug\pjsip_core.tlog\cl.command.1.tlog
c:\mkr_proj_git\mkr_proj\newunidriver\voip\pjsip-245\pjsip\build\output\pjsip_core--win32-vc8-debug\pjsip_core.tlog\cl.read.1.tlog
c:\mkr_proj_git\mkr_proj\newunidriver\voip\pjsip-245\pjsip\build\output\pjsip_core--win32-vc8-debug\pjsip_core.tlog\cl.write.1.tlog
c:\mkr_proj_git\mkr_proj\newunidriver\voip\pjsip-245\pjsip\build\output\pjsip_core--win32-vc8-debug\pjsip_core.tlog\lib-link.read.1.tlog
c:\mkr_proj_git\mkr_proj\newunidriver\voip\pjsip-245\pjsip\build\output\pjsip_core--win32-vc8-debug\pjsip_core.tlog\lib-link.write.1.tlog
c:\mkr_proj_git\mkr_proj\newunidriver\voip\pjsip-245\pjsip\build\output\pjsip_core--win32-vc8-debug\pjsip_core.tlog\lib.command.1.tlog
