C:\MY\GIS\EXTLIBS\BINLIBS\DEBUG-X64\LIBXMLD.LIB
C:\MY\GIS\EXTLIBS\LIBXML2\TMP\LIBXML\DEBUG-X64\C14N.OBJ
C:\MY\GIS\EXTLIBS\LIBXML2\TMP\LIBXML\DEBUG-X64\CATALOG.OBJ
C:\MY\GIS\EXTLIBS\LIBXML2\TMP\LIBXML\DEBUG-X64\CHVALID.OBJ
C:\my\GIS\extLibs\libxml2\tmp\libxml\Debug-x64\CL.4228.read.1.tlog
C:\my\GIS\extLibs\libxml2\tmp\libxml\Debug-x64\CL.4228.write.1.tlog
C:\my\GIS\extLibs\libxml2\tmp\libxml\Debug-x64\CL.5052.read.1.tlog
C:\my\GIS\extLibs\libxml2\tmp\libxml\Debug-x64\CL.5052.write.1.tlog
C:\my\GIS\extLibs\libxml2\tmp\libxml\Debug-x64\CL.5180.read.1.tlog
C:\my\GIS\extLibs\libxml2\tmp\libxml\Debug-x64\CL.5180.write.1.tlog
C:\my\GIS\extLibs\libxml2\tmp\libxml\Debug-x64\CL.6080.read.1.tlog
C:\my\GIS\extLibs\libxml2\tmp\libxml\Debug-x64\CL.6080.write.1.tlog
C:\my\GIS\extLibs\libxml2\tmp\libxml\Debug-x64\CL.6432.read.1.tlog
C:\my\GIS\extLibs\libxml2\tmp\libxml\Debug-x64\CL.6432.write.1.tlog
C:\my\GIS\extLibs\libxml2\tmp\libxml\Debug-x64\CL.6544.read.1.tlog
C:\my\GIS\extLibs\libxml2\tmp\libxml\Debug-x64\CL.6544.write.1.tlog
C:\my\GIS\extLibs\libxml2\tmp\libxml\Debug-x64\CL.6640.read.1.tlog
C:\my\GIS\extLibs\libxml2\tmp\libxml\Debug-x64\CL.6640.write.1.tlog
C:\my\GIS\extLibs\libxml2\tmp\libxml\Debug-x64\CL.6668.read.1.tlog
C:\my\GIS\extLibs\libxml2\tmp\libxml\Debug-x64\CL.6668.write.1.tlog
C:\my\GIS\extLibs\libxml2\tmp\libxml\Debug-x64\cl.command.1.tlog
C:\my\GIS\extLibs\libxml2\tmp\libxml\Debug-x64\CL.read.1.tlog
C:\my\GIS\extLibs\libxml2\tmp\libxml\Debug-x64\cl.write.1.tlog
C:\MY\GIS\EXTLIBS\LIBXML2\TMP\LIBXML\DEBUG-X64\DEBUGXML.OBJ
C:\MY\GIS\EXTLIBS\LIBXML2\TMP\LIBXML\DEBUG-X64\DICT.OBJ
C:\MY\GIS\EXTLIBS\LIBXML2\TMP\LIBXML\DEBUG-X64\DOCBPARSER.OBJ
C:\MY\GIS\EXTLIBS\LIBXML2\TMP\LIBXML\DEBUG-X64\ENCODING.OBJ
C:\MY\GIS\EXTLIBS\LIBXML2\TMP\LIBXML\DEBUG-X64\ENTITIES.OBJ
C:\MY\GIS\EXTLIBS\LIBXML2\TMP\LIBXML\DEBUG-X64\ERROR.OBJ
C:\MY\GIS\EXTLIBS\LIBXML2\TMP\LIBXML\DEBUG-X64\GLOBALS.OBJ
C:\MY\GIS\EXTLIBS\LIBXML2\TMP\LIBXML\DEBUG-X64\HASH.OBJ
C:\MY\GIS\EXTLIBS\LIBXML2\TMP\LIBXML\DEBUG-X64\HTMLPARSER.OBJ
C:\MY\GIS\EXTLIBS\LIBXML2\TMP\LIBXML\DEBUG-X64\HTMLTREE.OBJ
C:\MY\GIS\EXTLIBS\LIBXML2\TMP\LIBXML\DEBUG-X64\LEGACY.OBJ
C:\my\GIS\extLibs\libxml2\tmp\libxml\Debug-x64\lib.command.1.tlog
C:\my\GIS\extLibs\libxml2\tmp\libxml\Debug-x64\Lib-link.read.1.tlog
C:\my\GIS\extLibs\libxml2\tmp\libxml\Debug-x64\Lib-link.write.1.tlog
C:\my\GIS\extLibs\libxml2\tmp\libxml\Debug-x64\libxml.write.1.tlog
C:\my\GIS\extLibs\libxml2\tmp\libxml\Debug-x64\libxmld.dll.intermediate.manifest
C:\my\GIS\extLibs\libxml2\tmp\libxml\Debug-x64\link.command.1.tlog
C:\my\GIS\extLibs\libxml2\tmp\libxml\Debug-x64\link.read.1.tlog
C:\my\GIS\extLibs\libxml2\tmp\libxml\Debug-x64\link.write.1.tlog
C:\MY\GIS\EXTLIBS\LIBXML2\TMP\LIBXML\DEBUG-X64\LIST.OBJ
C:\MY\GIS\EXTLIBS\LIBXML2\TMP\LIBXML\DEBUG-X64\NANOFTP.OBJ
C:\MY\GIS\EXTLIBS\LIBXML2\TMP\LIBXML\DEBUG-X64\NANOHTTP.OBJ
C:\MY\GIS\EXTLIBS\LIBXML2\TMP\LIBXML\DEBUG-X64\PARSER.OBJ
C:\MY\GIS\EXTLIBS\LIBXML2\TMP\LIBXML\DEBUG-X64\PARSERINTERNALS.OBJ
C:\MY\GIS\EXTLIBS\LIBXML2\TMP\LIBXML\DEBUG-X64\PATTERN.OBJ
C:\MY\GIS\EXTLIBS\LIBXML2\TMP\LIBXML\DEBUG-X64\RELAXNG.OBJ
C:\MY\GIS\EXTLIBS\LIBXML2\TMP\LIBXML\DEBUG-X64\SAX.OBJ
C:\MY\GIS\EXTLIBS\LIBXML2\TMP\LIBXML\DEBUG-X64\SAX2.OBJ
C:\MY\GIS\EXTLIBS\LIBXML2\TMP\LIBXML\DEBUG-X64\SCHEMATRON.OBJ
C:\MY\GIS\EXTLIBS\LIBXML2\TMP\LIBXML\DEBUG-X64\THREADS.OBJ
C:\MY\GIS\EXTLIBS\LIBXML2\TMP\LIBXML\DEBUG-X64\TREE.OBJ
C:\MY\GIS\EXTLIBS\LIBXML2\TMP\LIBXML\DEBUG-X64\URI.OBJ
C:\MY\GIS\EXTLIBS\LIBXML2\TMP\LIBXML\DEBUG-X64\VALID.OBJ
C:\MY\GIS\EXTLIBS\LIBXML2\TMP\LIBXML\DEBUG-X64\VC100.PDB
C:\MY\GIS\EXTLIBS\LIBXML2\TMP\LIBXML\DEBUG-X64\XINCLUDE.OBJ
C:\MY\GIS\EXTLIBS\LIBXML2\TMP\LIBXML\DEBUG-X64\XLINK.OBJ
C:\MY\GIS\EXTLIBS\LIBXML2\TMP\LIBXML\DEBUG-X64\XMLIO.OBJ
C:\MY\GIS\EXTLIBS\LIBXML2\TMP\LIBXML\DEBUG-X64\XMLMEMORY.OBJ
C:\MY\GIS\EXTLIBS\LIBXML2\TMP\LIBXML\DEBUG-X64\XMLMODULE.OBJ
C:\MY\GIS\EXTLIBS\LIBXML2\TMP\LIBXML\DEBUG-X64\XMLREADER.OBJ
C:\MY\GIS\EXTLIBS\LIBXML2\TMP\LIBXML\DEBUG-X64\XMLREGEXP.OBJ
C:\MY\GIS\EXTLIBS\LIBXML2\TMP\LIBXML\DEBUG-X64\XMLSAVE.OBJ
C:\MY\GIS\EXTLIBS\LIBXML2\TMP\LIBXML\DEBUG-X64\XMLSCHEMAS.OBJ
C:\MY\GIS\EXTLIBS\LIBXML2\TMP\LIBXML\DEBUG-X64\XMLSCHEMASTYPES.OBJ
C:\MY\GIS\EXTLIBS\LIBXML2\TMP\LIBXML\DEBUG-X64\XMLSTRING.OBJ
C:\MY\GIS\EXTLIBS\LIBXML2\TMP\LIBXML\DEBUG-X64\XMLUNICODE.OBJ
C:\MY\GIS\EXTLIBS\LIBXML2\TMP\LIBXML\DEBUG-X64\XMLWRITER.OBJ
C:\MY\GIS\EXTLIBS\LIBXML2\TMP\LIBXML\DEBUG-X64\XPATH.OBJ
C:\MY\GIS\EXTLIBS\LIBXML2\TMP\LIBXML\DEBUG-X64\XPOINTER.OBJ
