C:\my\FCNavigation\FCNav-kernel-mvs\VCProjects\FCNavTest\protobuf\Release\cl.command.1.tlog
C:\my\FCNavigation\FCNav-kernel-mvs\VCProjects\FCNavTest\protobuf\Release\CL.read.1.tlog
C:\my\FCNavigation\FCNav-kernel-mvs\VCProjects\FCNavTest\protobuf\Release\CL.write.1.tlog
C:\MY\FCNAVIGATION\FCNAV-KERNEL-MVS\VCPROJECTS\FCNAVTEST\PROTOBUF\RELEASE\CODED_STREAM.OBJ
C:\MY\FCNAVIGATION\FCNAV-KERNEL-MVS\VCPROJECTS\FCNAVTEST\PROTOBUF\RELEASE\COMMON.OBJ
C:\MY\FCNAVIGATION\FCNAV-KERNEL-MVS\VCPROJECTS\FCNAVTEST\PROTOBUF\RELEASE\DESCRIPTOR.OBJ
C:\MY\FCNAVIGATION\FCNAV-KERNEL-MVS\VCPROJECTS\FCNAVTEST\PROTOBUF\RELEASE\DESCRIPTOR.PB.OBJ
C:\MY\FCNAVIGATION\FCNAV-KERNEL-MVS\VCPROJECTS\FCNAVTEST\PROTOBUF\RELEASE\DESCRIPTOR_DATABASE.OBJ
C:\MY\FCNAVIGATION\FCNAV-KERNEL-MVS\VCPROJECTS\FCNAVTEST\PROTOBUF\RELEASE\DYNAMIC_MESSAGE.OBJ
C:\MY\FCNAVIGATION\FCNAV-KERNEL-MVS\VCPROJECTS\FCNAVTEST\PROTOBUF\RELEASE\EXTENSION_SET.OBJ
C:\MY\FCNAVIGATION\FCNAV-KERNEL-MVS\VCPROJECTS\FCNAVTEST\PROTOBUF\RELEASE\EXTENSION_SET_HEAVY.OBJ
C:\MY\FCNAVIGATION\FCNAV-KERNEL-MVS\VCPROJECTS\FCNAVTEST\PROTOBUF\RELEASE\GENERATED_MESSAGE_REFLECTION.OBJ
C:\MY\FCNAVIGATION\FCNAV-KERNEL-MVS\VCPROJECTS\FCNAVTEST\PROTOBUF\RELEASE\GENERATED_MESSAGE_UTIL.OBJ
C:\MY\FCNAVIGATION\FCNAV-KERNEL-MVS\VCPROJECTS\FCNAVTEST\PROTOBUF\RELEASE\HASH.OBJ
C:\my\FCNavigation\FCNav-kernel-mvs\VCProjects\FCNavTest\protobuf\Release\lib.command.1.tlog
C:\my\FCNavigation\FCNav-kernel-mvs\VCProjects\FCNavTest\protobuf\Release\Lib-link.read.1.tlog
C:\my\FCNavigation\FCNav-kernel-mvs\VCProjects\FCNavTest\protobuf\Release\Lib-link.write.1.tlog
C:\MY\FCNAVIGATION\FCNAV-KERNEL-MVS\VCPROJECTS\FCNAVTEST\PROTOBUF\RELEASE\MESSAGE.OBJ
C:\MY\FCNAVIGATION\FCNAV-KERNEL-MVS\VCPROJECTS\FCNAVTEST\PROTOBUF\RELEASE\MESSAGE_LITE.OBJ
C:\MY\FCNAVIGATION\FCNAV-KERNEL-MVS\VCPROJECTS\FCNAVTEST\PROTOBUF\RELEASE\ONCE.OBJ
C:\MY\FCNAVIGATION\FCNAV-KERNEL-MVS\VCPROJECTS\FCNAVTEST\PROTOBUF\RELEASE\REFLECTION_OPS.OBJ
C:\MY\FCNAVIGATION\FCNAV-KERNEL-MVS\VCPROJECTS\FCNAVTEST\PROTOBUF\RELEASE\REPEATED_FIELD.OBJ
C:\MY\FCNAVIGATION\FCNAV-KERNEL-MVS\VCPROJECTS\FCNAVTEST\PROTOBUF\RELEASE\SERVICE.OBJ
C:\MY\FCNAVIGATION\FCNAV-KERNEL-MVS\VCPROJECTS\FCNAVTEST\PROTOBUF\RELEASE\STRUCTURALLY_VALID.OBJ
C:\MY\FCNAVIGATION\FCNAV-KERNEL-MVS\VCPROJECTS\FCNAVTEST\PROTOBUF\RELEASE\STRUTIL.OBJ
C:\MY\FCNAVIGATION\FCNAV-KERNEL-MVS\VCPROJECTS\FCNAVTEST\PROTOBUF\RELEASE\SUBSTITUTE.OBJ
C:\MY\FCNAVIGATION\FCNAV-KERNEL-MVS\VCPROJECTS\FCNAVTEST\PROTOBUF\RELEASE\TEXT_FORMAT.OBJ
C:\MY\FCNAVIGATION\FCNAV-KERNEL-MVS\VCPROJECTS\FCNAVTEST\PROTOBUF\RELEASE\TOKENIZER.OBJ
C:\MY\FCNAVIGATION\FCNAV-KERNEL-MVS\VCPROJECTS\FCNAVTEST\PROTOBUF\RELEASE\UNKNOWN_FIELD_SET.OBJ
C:\MY\FCNAVIGATION\FCNAV-KERNEL-MVS\VCPROJECTS\FCNAVTEST\PROTOBUF\RELEASE\VC100.PDB
C:\MY\FCNAVIGATION\FCNAV-KERNEL-MVS\VCPROJECTS\FCNAVTEST\PROTOBUF\RELEASE\WIRE_FORMAT.OBJ
C:\MY\FCNAVIGATION\FCNAV-KERNEL-MVS\VCPROJECTS\FCNAVTEST\PROTOBUF\RELEASE\WIRE_FORMAT_LITE.OBJ
C:\MY\FCNAVIGATION\FCNAV-KERNEL-MVS\VCPROJECTS\FCNAVTEST\PROTOBUF\RELEASE\ZERO_COPY_STREAM.OBJ
C:\MY\FCNAVIGATION\FCNAV-KERNEL-MVS\VCPROJECTS\FCNAVTEST\PROTOBUF\RELEASE\ZERO_COPY_STREAM_IMPL.OBJ
C:\MY\FCNAVIGATION\FCNAV-KERNEL-MVS\VCPROJECTS\FCNAVTEST\PROTOBUF\RELEASE\ZERO_COPY_STREAM_IMPL_LITE.OBJ
C:\MY\FCNAVIGATION\FCNAV-KERNEL-MVS\VCPROJECTS\FCNAVTEST\RELEASE\PROTOBUF.LIB
