C:\my\FCNavigation\FCNav-kernel-mvs\VCProjects\angleproject\src\libEGL\Release\cl.command.1.tlog
C:\my\FCNavigation\FCNav-kernel-mvs\VCProjects\angleproject\src\libEGL\Release\CL.read.1.tlog
C:\my\FCNavigation\FCNav-kernel-mvs\VCProjects\angleproject\src\libEGL\Release\CL.write.1.tlog
C:\MY\FCNAVIGATION\FCNAV-KERNEL-MVS\VCPROJECTS\ANGLEPROJECT\SRC\LIBEGL\RELEASE\CONFIG.OBJ
C:\MY\FCNAVIGATION\FCNAV-KERNEL-MVS\VCPROJECTS\ANGLEPROJECT\SRC\LIBEGL\RELEASE\DEBUG.OBJ
C:\MY\FCNAVIGATION\FCNAV-KERNEL-MVS\VCPROJECTS\ANGLEPROJECT\SRC\LIBEGL\RELEASE\DISPLAY.OBJ
C:\MY\FCNAVIGATION\FCNAV-KERNEL-MVS\VCPROJECTS\ANGLEPROJECT\SRC\LIBEGL\RELEASE\LIBEGL.DLL.INTERMEDIATE.MANIFEST
C:\MY\FCNAVIGATION\FCNAV-KERNEL-MVS\VCPROJECTS\ANGLEPROJECT\SRC\LIBEGL\RELEASE\LIBEGL.OBJ
C:\MY\FCNAVIGATION\FCNAV-KERNEL-MVS\VCPROJECTS\ANGLEPROJECT\SRC\LIBEGL\RELEASE\LIBEGL.RES
C:\my\FCNavigation\FCNav-kernel-mvs\VCProjects\angleproject\src\libEGL\Release\libEGL.write.1.tlog
C:\my\FCNavigation\FCNav-kernel-mvs\VCProjects\angleproject\src\libEGL\Release\link.command.1.tlog
C:\my\FCNavigation\FCNav-kernel-mvs\VCProjects\angleproject\src\libEGL\Release\link.read.1.tlog
C:\my\FCNavigation\FCNav-kernel-mvs\VCProjects\angleproject\src\libEGL\Release\link.write.1.tlog
C:\my\FCNavigation\FCNav-kernel-mvs\VCProjects\angleproject\src\libEGL\Release\link-cvtres.read.1.tlog
C:\my\FCNavigation\FCNav-kernel-mvs\VCProjects\angleproject\src\libEGL\Release\link-cvtres.write.1.tlog
C:\MY\FCNAVIGATION\FCNAV-KERNEL-MVS\VCPROJECTS\ANGLEPROJECT\SRC\LIBEGL\RELEASE\MAIN.OBJ
C:\my\FCNavigation\FCNav-kernel-mvs\VCProjects\angleproject\src\libEGL\Release\mt.command.1.tlog
C:\my\FCNavigation\FCNav-kernel-mvs\VCProjects\angleproject\src\libEGL\Release\mt.read.1.tlog
C:\my\FCNavigation\FCNav-kernel-mvs\VCProjects\angleproject\src\libEGL\Release\mt.write.1.tlog
C:\my\FCNavigation\FCNav-kernel-mvs\VCProjects\angleproject\src\libEGL\Release\rc.command.1.tlog
C:\my\FCNavigation\FCNav-kernel-mvs\VCProjects\angleproject\src\libEGL\Release\rc.read.1.tlog
C:\my\FCNavigation\FCNav-kernel-mvs\VCProjects\angleproject\src\libEGL\Release\rc.write.1.tlog
C:\MY\FCNAVIGATION\FCNAV-KERNEL-MVS\VCPROJECTS\ANGLEPROJECT\SRC\LIBEGL\RELEASE\SURFACE.OBJ
C:\MY\FCNAVIGATION\FCNAV-KERNEL-MVS\VCPROJECTS\ANGLEPROJECT\SRC\LIBEGL\RELEASE\VC100.PDB
C:\MY\FCNAVIGATION\FCNAV-KERNEL-MVS\VCPROJECTS\ANGLEPROJECT\SRC\RELEASE\LIBEGL.DLL
C:\my\FCNavigation\FCNav-kernel-mvs\VCProjects\angleproject\src\Release\libEGL.exp
C:\my\FCNavigation\FCNav-kernel-mvs\VCProjects\angleproject\src\Release\libEGL.lib
C:\MY\FCNAVIGATION\FCNAV-KERNEL-MVS\VCPROJECTS\ANGLEPROJECT\SRC\RELEASE\LIBEGL.PDB
