c:\my\projects\newunidriver\mqtt_service\mqttclient\mqtt_lib\debug\vc120.pdb
c:\my\projects\newunidriver\mqtt_service\mqttclient\mqtt_lib\debug\vc120.idb
c:\my\projects\newunidriver\mqtt_service\mqttclient\mqtt_lib\debug\logging_mosq.obj
c:\my\projects\newunidriver\mqtt_service\mqttclient\mqtt_lib\debug\memory_mosq.obj
c:\my\projects\newunidriver\mqtt_service\mqttclient\mqtt_lib\debug\messages_mosq.obj
c:\my\projects\newunidriver\mqtt_service\mqttclient\mqtt_lib\debug\mosquitto.obj
c:\my\projects\newunidriver\mqtt_service\mqttclient\mqtt_lib\debug\net_mosq.obj
c:\my\projects\newunidriver\mqtt_service\mqttclient\mqtt_lib\debug\read_handle.obj
c:\my\projects\newunidriver\mqtt_service\mqttclient\mqtt_lib\debug\read_handle_client.obj
c:\my\projects\newunidriver\mqtt_service\mqttclient\mqtt_lib\debug\read_handle_shared.obj
c:\my\projects\newunidriver\mqtt_service\mqttclient\mqtt_lib\debug\send_client_mosq.obj
c:\my\projects\newunidriver\mqtt_service\mqttclient\mqtt_lib\debug\send_mosq.obj
c:\my\projects\newunidriver\mqtt_service\mqttclient\mqtt_lib\debug\socks_mosq.obj
c:\my\projects\newunidriver\mqtt_service\mqttclient\mqtt_lib\debug\srv_mosq.obj
c:\my\projects\newunidriver\mqtt_service\mqttclient\mqtt_lib\debug\thread_mosq.obj
c:\my\projects\newunidriver\mqtt_service\mqttclient\mqtt_lib\debug\time_mosq.obj
c:\my\projects\newunidriver\mqtt_service\mqttclient\mqtt_lib\debug\tls_mosq.obj
c:\my\projects\newunidriver\mqtt_service\mqttclient\mqtt_lib\debug\util_mosq.obj
c:\my\projects\newunidriver\mqtt_service\mqttclient\mqtt_lib\debug\will_mosq.obj
c:\my\mkrproj\newunidriver\mqtt_service\mqttclient\mqtt_lib\debug\mqtt_lib.pdb
c:\my\mkrproj\newunidriver\mqtt_service\mqttclient\mqtt_lib\debug\mqtt_lib.idb
c:\my\mkrproj\newunidriver\mqtt_service\mqttclient\mqtt_lib\debug\time_mosq.obj
c:\my\mkrproj\newunidriver\mqtt_service\mqttclient\mqtt_lib\debug\tls_mosq.obj
c:\my\projects\newunidriver\mqtt_service\mqttclient\debug\mqtt_lib.lib
c:\my\mkrproj\newunidriver\mqtt_service\mqttclient\debug\mqtt_lib.lib
c:\my\mkrproj\newunidriver\mqtt_service\mqttclient\mqtt_lib\debug\logging_mosq.obj
c:\my\mkrproj\newunidriver\mqtt_service\mqttclient\mqtt_lib\debug\memory_mosq.obj
c:\my\mkrproj\newunidriver\mqtt_service\mqttclient\mqtt_lib\debug\messages_mosq.obj
c:\my\mkrproj\newunidriver\mqtt_service\mqttclient\mqtt_lib\debug\mosquitto.obj
c:\my\mkrproj\newunidriver\mqtt_service\mqttclient\mqtt_lib\debug\net_mosq.obj
c:\my\mkrproj\newunidriver\mqtt_service\mqttclient\mqtt_lib\debug\read_handle.obj
c:\my\mkrproj\newunidriver\mqtt_service\mqttclient\mqtt_lib\debug\read_handle_client.obj
c:\my\mkrproj\newunidriver\mqtt_service\mqttclient\mqtt_lib\debug\read_handle_shared.obj
c:\my\mkrproj\newunidriver\mqtt_service\mqttclient\mqtt_lib\debug\send_client_mosq.obj
c:\my\mkrproj\newunidriver\mqtt_service\mqttclient\mqtt_lib\debug\send_mosq.obj
c:\my\mkrproj\newunidriver\mqtt_service\mqttclient\mqtt_lib\debug\socks_mosq.obj
c:\my\mkrproj\newunidriver\mqtt_service\mqttclient\mqtt_lib\debug\srv_mosq.obj
c:\my\mkrproj\newunidriver\mqtt_service\mqttclient\mqtt_lib\debug\thread_mosq.obj
c:\my\mkrproj\newunidriver\mqtt_service\mqttclient\mqtt_lib\debug\util_mosq.obj
c:\my\mkrproj\newunidriver\mqtt_service\mqttclient\mqtt_lib\debug\will_mosq.obj
c:\my\mkrproj\newunidriver\mqtt_service\mqttclient\mqtt_lib\debug\vc120.idb
c:\my\mkrproj\newunidriver\mqtt_service\mqttclient\mqtt_lib\debug\vc120.pdb
c:\my\mkrproj\newunidriver\mqtt_service\mqttclient\debug\mqtt_lib.pdb
c:\my\mkrproj\newunidriver\mqtt_service\mqttclient\mqtt_lib\debug\mqtt_lib.tlog\cl.command.1.tlog
c:\my\mkrproj\newunidriver\mqtt_service\mqttclient\mqtt_lib\debug\mqtt_lib.tlog\cl.read.1.tlog
c:\my\mkrproj\newunidriver\mqtt_service\mqttclient\mqtt_lib\debug\mqtt_lib.tlog\cl.write.1.tlog
c:\my\mkrproj\newunidriver\mqtt_service\mqttclient\mqtt_lib\debug\mqtt_lib.tlog\lib-link.read.1.tlog
c:\my\mkrproj\newunidriver\mqtt_service\mqttclient\mqtt_lib\debug\mqtt_lib.tlog\lib-link.write.1.tlog
c:\my\mkrproj\newunidriver\mqtt_service\mqttclient\mqtt_lib\debug\mqtt_lib.tlog\lib.command.1.tlog
