c:\my\projects\newunidriver\mqtt_service\mqttbroker\mqtt_lib_broker\debug\vc120.pdb
c:\my\projects\newunidriver\mqtt_service\mqttbroker\mqtt_lib_broker\debug\vc120.idb
c:\my\projects\newunidriver\mqtt_service\mqttbroker\mqtt_lib_broker\debug\bridge.obj
c:\my\projects\newunidriver\mqtt_service\mqttbroker\mqtt_lib_broker\debug\logging.obj
c:\my\projects\newunidriver\mqtt_service\mqttbroker\mqtt_lib_broker\debug\security.obj
c:\my\projects\newunidriver\mqtt_service\mqttbroker\mqtt_lib_broker\debug\send_server.obj
c:\my\projects\newunidriver\mqtt_service\mqttbroker\mqtt_lib_broker\debug\context.obj
c:\my\projects\newunidriver\mqtt_service\mqttbroker\mqtt_lib_broker\debug\database.obj
c:\my\projects\newunidriver\mqtt_service\mqttbroker\mqtt_lib_broker\debug\loop.obj
c:\my\projects\newunidriver\mqtt_service\mqttbroker\mqtt_lib_broker\debug\net.obj
c:\my\projects\newunidriver\mqtt_service\mqttbroker\mqtt_lib_broker\debug\persist.obj
c:\my\projects\newunidriver\mqtt_service\mqttbroker\mqtt_lib_broker\debug\read_handle.obj
c:\my\projects\newunidriver\mqtt_service\mqttbroker\mqtt_lib_broker\debug\read_handle_client.obj
c:\my\projects\newunidriver\mqtt_service\mqttbroker\mqtt_lib_broker\debug\read_handle_server.obj
c:\my\projects\newunidriver\mqtt_service\mqttbroker\mqtt_lib_broker\debug\security_default.obj
c:\my\projects\newunidriver\mqtt_service\mqttbroker\mqtt_lib_broker\debug\subs.obj
c:\my\projects\newunidriver\mqtt_service\mqttbroker\mqtt_lib_broker\debug\sys_tree.obj
c:\my\projects\newunidriver\mqtt_service\mqttbroker\mqtt_lib_broker\debug\websockets.obj
c:\my\projects\newunidriver\mqtt_service\mqttbroker\mqtt_lib_broker\debug\conf.obj
c:\my\projects\newunidriver\mqtt_service\mqttbroker\mqtt_lib_broker\debug\mosquitto.obj
c:\my\projects\newunidriver\mqtt_service\mqttbroker\mqtt_lib_broker\debug\send_mosq.obj
c:\my\projects\newunidriver\mqtt_service\mqttbroker\mqtt_lib_broker\debug\time_mosq.obj
c:\my\projects\newunidriver\mqtt_service\mqttbroker\mqtt_lib_broker\debug\tls_mosq.obj
c:\my\projects\newunidriver\mqtt_service\mqttbroker\mqtt_lib_broker\debug\util_mosq.obj
c:\my\projects\newunidriver\mqtt_service\mqttbroker\mqtt_lib_broker\debug\will_mosq.obj
c:\my\projects\newunidriver\mqtt_service\mqttbroker\mqtt_lib_broker\debug\memory_mosq.obj
c:\my\projects\newunidriver\mqtt_service\mqttbroker\mqtt_lib_broker\debug\net_mosq.obj
c:\my\projects\newunidriver\mqtt_service\mqttbroker\mqtt_lib_broker\debug\read_handle_shared.obj
c:\my\projects\newunidriver\mqtt_service\mqttbroker\mqtt_lib_broker\debug\send_client_mosq.obj
c:\my\projects\newunidriver\mqtt_service\mqttbroker\debug\mqtt_lib_broker.lib
c:\my\projects\newunidriver\mqtt_service\mqttbroker\debug\mqtt_lib_broker.ilk
c:\my\projects\newunidriver\mqtt_service\mqttbroker\debug\mqtt_lib_broker.exe
c:\my\projects\newunidriver\mqtt_service\mqttbroker\debug\mqtt_lib_broker.pdb
c:\my\projects\newunidriver\mqtt_service\mqttbroker\debug\mqtt_lib_broker.exp
c:\my\projects\newunidriver\mqtt_service\mqttbroker\mqtt_lib_broker\debug\mqtt_lib_broker.vcxprojresolveassemblyreference.cache
c:\my\projects\newunidriver\mqtt_service\mqttbroker\mqtt_lib_broker\debug\service.obj
c:\my\projects\newunidriver\mqtt_service\mqttbroker\mqtt_lib_broker\debug\mqtt_lib_broker.tlog\cl.command.1.tlog
c:\my\projects\newunidriver\mqtt_service\mqttbroker\mqtt_lib_broker\debug\mqtt_lib_broker.tlog\cl.read.1.tlog
c:\my\projects\newunidriver\mqtt_service\mqttbroker\mqtt_lib_broker\debug\mqtt_lib_broker.tlog\cl.write.1.tlog
c:\my\projects\newunidriver\mqtt_service\mqttbroker\mqtt_lib_broker\debug\mqtt_lib_broker.tlog\lib-link.read.1.tlog
c:\my\projects\newunidriver\mqtt_service\mqttbroker\mqtt_lib_broker\debug\mqtt_lib_broker.tlog\lib-link.write.1.tlog
c:\my\projects\newunidriver\mqtt_service\mqttbroker\mqtt_lib_broker\debug\mqtt_lib_broker.tlog\lib.command.1.tlog
c:\my\projects\newunidriver\mqtt_service\mqttbroker\mqtt_lib_broker\debug\mqtt_lib_broker.tlog\link.command.1.tlog
c:\my\projects\newunidriver\mqtt_service\mqttbroker\mqtt_lib_broker\debug\mqtt_lib_broker.tlog\link.read.1.tlog
c:\my\projects\newunidriver\mqtt_service\mqttbroker\mqtt_lib_broker\debug\mqtt_lib_broker.tlog\link.write.1.tlog
c:\my\projects\newunidriver\mqtt_service\mqttbroker\mqtt_lib_broker\debug\mqtt_lib_broker.tlog\mqtt_lib_broker.write.1u.tlog
