c:\my\voip\pjproject-2.4.5\pjmedia\build\output\pjmedia_audiodev--win32-vc8-debug\pjmedia_audiodev.bsc
c:\mkr_proj_git\mkr_proj\newunidriver\voip\pjsip-245\pjmedia\build\output\pjmedia_audiodev--win32-vc8-debug\pjmedia_audiodev.bsc
c:\my\voip\pjproject-2.4.5\pjmedia\build\output\pjmedia_audiodev--win32-vc8-debug\pjmedia_audiodev.pdb
c:\mkr_proj_git\mkr_proj\newunidriver\voip\pjsip-245\pjmedia\build\output\pjmedia_audiodev--win32-vc8-debug\pjmedia_audiodev.pdb
c:\mkr_proj_git\mkr_proj\newunidriver\voip\pjsip-245\pjmedia\build\output\pjmedia_audiodev--win32-vc8-debug\pjmedia_audiodev.idb
c:\mkr_proj_git\mkr_proj\newunidriver\voip\pjsip-245\pjmedia\build\output\pjmedia_audiodev--win32-vc8-debug\audiodev.sbr
c:\mkr_proj_git\mkr_proj\newunidriver\voip\pjsip-245\pjmedia\build\output\pjmedia_audiodev--win32-vc8-debug\audiotest.sbr
c:\mkr_proj_git\mkr_proj\newunidriver\voip\pjsip-245\pjmedia\build\output\pjmedia_audiodev--win32-vc8-debug\bdimad_dev.sbr
c:\mkr_proj_git\mkr_proj\newunidriver\voip\pjsip-245\pjmedia\build\output\pjmedia_audiodev--win32-vc8-debug\errno.sbr
c:\mkr_proj_git\mkr_proj\newunidriver\voip\pjsip-245\pjmedia\build\output\pjmedia_audiodev--win32-vc8-debug\legacy_dev.sbr
c:\mkr_proj_git\mkr_proj\newunidriver\voip\pjsip-245\pjmedia\build\output\pjmedia_audiodev--win32-vc8-debug\null_dev.sbr
c:\mkr_proj_git\mkr_proj\newunidriver\voip\pjsip-245\pjmedia\build\output\pjmedia_audiodev--win32-vc8-debug\pa_dev.sbr
c:\mkr_proj_git\mkr_proj\newunidriver\voip\pjsip-245\pjmedia\build\output\pjmedia_audiodev--win32-vc8-debug\wmme_dev.sbr
c:\mkr_proj_git\mkr_proj\newunidriver\voip\pjsip-245\pjmedia\build\output\pjmedia_audiodev--win32-vc8-debug\wmme_dev.obj
c:\mkr_proj_git\mkr_proj\newunidriver\voip\pjsip-245\pjmedia\build\output\pjmedia_audiodev--win32-vc8-debug\pa_dev.obj
c:\mkr_proj_git\mkr_proj\newunidriver\voip\pjsip-245\pjmedia\build\output\pjmedia_audiodev--win32-vc8-debug\null_dev.obj
c:\mkr_proj_git\mkr_proj\newunidriver\voip\pjsip-245\pjmedia\build\output\pjmedia_audiodev--win32-vc8-debug\legacy_dev.obj
c:\mkr_proj_git\mkr_proj\newunidriver\voip\pjsip-245\pjmedia\build\output\pjmedia_audiodev--win32-vc8-debug\errno.obj
c:\mkr_proj_git\mkr_proj\newunidriver\voip\pjsip-245\pjmedia\build\output\pjmedia_audiodev--win32-vc8-debug\bdimad_dev.obj
c:\mkr_proj_git\mkr_proj\newunidriver\voip\pjsip-245\pjmedia\build\output\pjmedia_audiodev--win32-vc8-debug\audiotest.obj
c:\mkr_proj_git\mkr_proj\newunidriver\voip\pjsip-245\pjmedia\build\output\pjmedia_audiodev--win32-vc8-debug\audiodev.obj
c:\my\voip\pjproject-2.4.5\pjmedia\lib\pjmedia-audiodev-i386-win32-vc8-debug.lib
c:\mkr_proj_git\mkr_proj\newunidriver\voip\pjsip-245\pjmedia\lib\pjmedia-audiodev-i386-win32-vc8-debug.lib
c:\mkr_proj_git\mkr_proj\newunidriver\voip\pjsip-245\pjmedia\build\output\pjmedia_audiodev--win32-vc8-debug\pjmedia_audiodev.tlog\bscmake.command.1.tlog
c:\mkr_proj_git\mkr_proj\newunidriver\voip\pjsip-245\pjmedia\build\output\pjmedia_audiodev--win32-vc8-debug\pjmedia_audiodev.tlog\bscmake.read.1.tlog
c:\mkr_proj_git\mkr_proj\newunidriver\voip\pjsip-245\pjmedia\build\output\pjmedia_audiodev--win32-vc8-debug\pjmedia_audiodev.tlog\bscmake.write.1.tlog
c:\mkr_proj_git\mkr_proj\newunidriver\voip\pjsip-245\pjmedia\build\output\pjmedia_audiodev--win32-vc8-debug\pjmedia_audiodev.tlog\cl.command.1.tlog
c:\mkr_proj_git\mkr_proj\newunidriver\voip\pjsip-245\pjmedia\build\output\pjmedia_audiodev--win32-vc8-debug\pjmedia_audiodev.tlog\cl.read.1.tlog
c:\mkr_proj_git\mkr_proj\newunidriver\voip\pjsip-245\pjmedia\build\output\pjmedia_audiodev--win32-vc8-debug\pjmedia_audiodev.tlog\cl.write.1.tlog
c:\mkr_proj_git\mkr_proj\newunidriver\voip\pjsip-245\pjmedia\build\output\pjmedia_audiodev--win32-vc8-debug\pjmedia_audiodev.tlog\lib-link.read.1.tlog
c:\mkr_proj_git\mkr_proj\newunidriver\voip\pjsip-245\pjmedia\build\output\pjmedia_audiodev--win32-vc8-debug\pjmedia_audiodev.tlog\lib-link.write.1.tlog
c:\mkr_proj_git\mkr_proj\newunidriver\voip\pjsip-245\pjmedia\build\output\pjmedia_audiodev--win32-vc8-debug\pjmedia_audiodev.tlog\lib.command.1.tlog
