c:\my\mkrproj\newunidriver\sharedcode\extlibs\libprotobuf_3xx_lite.a
c:\my\mkrproj\newunidriver\sharedcode\protobuf_3xx_lite\arm\debug\arena.o
c:\my\mkrproj\newunidriver\sharedcode\protobuf_3xx_lite\arm\debug\arenastring.o
c:\my\mkrproj\newunidriver\sharedcode\protobuf_3xx_lite\arm\debug\extension_set.o
c:\my\mkrproj\newunidriver\sharedcode\protobuf_3xx_lite\arm\debug\generated_message_util.o
c:\my\mkrproj\newunidriver\sharedcode\protobuf_3xx_lite\arm\debug\coded_stream.o
c:\my\mkrproj\newunidriver\sharedcode\protobuf_3xx_lite\arm\debug\zero_copy_stream.o
c:\my\mkrproj\newunidriver\sharedcode\protobuf_3xx_lite\arm\debug\zero_copy_stream_impl_lite.o
c:\my\mkrproj\newunidriver\sharedcode\protobuf_3xx_lite\arm\debug\message_lite.o
c:\my\mkrproj\newunidriver\sharedcode\protobuf_3xx_lite\arm\debug\repeated_field.o
c:\my\mkrproj\newunidriver\sharedcode\protobuf_3xx_lite\arm\debug\bytestream.o
c:\my\mkrproj\newunidriver\sharedcode\protobuf_3xx_lite\arm\debug\common.o
c:\my\mkrproj\newunidriver\sharedcode\protobuf_3xx_lite\arm\debug\int128.o
c:\my\mkrproj\newunidriver\sharedcode\protobuf_3xx_lite\arm\debug\once.o
c:\my\mkrproj\newunidriver\sharedcode\protobuf_3xx_lite\arm\debug\status.o
c:\my\mkrproj\newunidriver\sharedcode\protobuf_3xx_lite\arm\debug\statusor.o
c:\my\mkrproj\newunidriver\sharedcode\protobuf_3xx_lite\arm\debug\stringpiece.o
c:\my\mkrproj\newunidriver\sharedcode\protobuf_3xx_lite\arm\debug\stringprintf.o
c:\my\mkrproj\newunidriver\sharedcode\protobuf_3xx_lite\arm\debug\structurally_valid.o
c:\my\mkrproj\newunidriver\sharedcode\protobuf_3xx_lite\arm\debug\strutil.o
c:\my\mkrproj\newunidriver\sharedcode\protobuf_3xx_lite\arm\debug\time.o
c:\my\mkrproj\newunidriver\sharedcode\protobuf_3xx_lite\arm\debug\wire_format_lite.o
..\extlibs\libprotobuf_3xx_lite.a.recipe
c:\my\mkrproj\newunidriver\sharedcode\protobuf_3xx_lite\..\extlibs\libprotobuf_3xx_lite.a
c:\my\mkrproj\newunidriver\sharedcode\protobuf_3xx_lite\arm\debug\protobuf.2971e61f.tlog\arm-linux-androideabi-ar.command.1.tlog
c:\my\mkrproj\newunidriver\sharedcode\protobuf_3xx_lite\arm\debug\protobuf.2971e61f.tlog\arm-linux-androideabi-ar.read.1.tlog
c:\my\mkrproj\newunidriver\sharedcode\protobuf_3xx_lite\arm\debug\protobuf.2971e61f.tlog\arm-linux-androideabi-ar.write.1.tlog
c:\my\mkrproj\newunidriver\sharedcode\protobuf_3xx_lite\arm\debug\protobuf.2971e61f.tlog\arm-linux-androideabi-gcc.command.1.tlog
c:\my\mkrproj\newunidriver\sharedcode\protobuf_3xx_lite\arm\debug\protobuf.2971e61f.tlog\microsoft.build.cpptasks.clangcompile.read.1.tlog
c:\my\mkrproj\newunidriver\sharedcode\protobuf_3xx_lite\arm\debug\protobuf.2971e61f.tlog\microsoft.build.cpptasks.clangcompile.write.1.tlog
c:\my\mkrproj\newunidriver\sharedcode\protobuf_3xx_lite\arm\debug\protobuf.2971e61f.tlog\protobuf_3xx_lite.write.1u.tlog
