c:\my\mkrnavsolution\kernel-mvs\vcprojects\mkrnav\protobuf\vsprojects\debug\libprotobuf.pdb
c:\my\mkrnavsolution\kernel-mvs\vcprojects\mkrnav\protobuf\vsprojects\debug\libprotobuf.idb
c:\my\mkrnavsolution\kernel-mvs\vcprojects\mkrnav\protobuf\vsprojects\debug\importer.obj
c:\my\mkrnavsolution\kernel-mvs\vcprojects\mkrnav\protobuf\vsprojects\debug\message.obj
c:\my\mkrnavsolution\kernel-mvs\vcprojects\mkrnav\protobuf\vsprojects\debug\message_lite.obj
c:\my\mkrnavsolution\kernel-mvs\vcprojects\mkrnav\protobuf\vsprojects\debug\once.obj
c:\my\mkrnavsolution\kernel-mvs\vcprojects\mkrnav\protobuf\vsprojects\debug\parser.obj
c:\my\mkrnavsolution\kernel-mvs\vcprojects\mkrnav\protobuf\vsprojects\debug\printer.obj
c:\my\mkrnavsolution\kernel-mvs\vcprojects\mkrnav\protobuf\vsprojects\debug\reflection_ops.obj
c:\my\mkrnavsolution\kernel-mvs\vcprojects\mkrnav\protobuf\vsprojects\debug\repeated_field.obj
c:\my\mkrnavsolution\kernel-mvs\vcprojects\mkrnav\protobuf\vsprojects\debug\service.obj
c:\my\mkrnavsolution\kernel-mvs\vcprojects\mkrnav\protobuf\vsprojects\debug\structurally_valid.obj
c:\my\mkrnavsolution\kernel-mvs\vcprojects\mkrnav\protobuf\vsprojects\debug\strutil.obj
c:\my\mkrnavsolution\kernel-mvs\vcprojects\mkrnav\protobuf\vsprojects\debug\substitute.obj
c:\my\mkrnavsolution\kernel-mvs\vcprojects\mkrnav\protobuf\vsprojects\debug\text_format.obj
c:\my\mkrnavsolution\kernel-mvs\vcprojects\mkrnav\protobuf\vsprojects\debug\tokenizer.obj
c:\my\mkrnavsolution\kernel-mvs\vcprojects\mkrnav\protobuf\vsprojects\debug\unknown_field_set.obj
c:\my\mkrnavsolution\kernel-mvs\vcprojects\mkrnav\protobuf\vsprojects\debug\wire_format.obj
c:\my\mkrnavsolution\kernel-mvs\vcprojects\mkrnav\protobuf\vsprojects\debug\wire_format_lite.obj
c:\my\mkrnavsolution\kernel-mvs\vcprojects\mkrnav\protobuf\vsprojects\debug\zero_copy_stream.obj
c:\my\mkrnavsolution\kernel-mvs\vcprojects\mkrnav\protobuf\vsprojects\debug\zero_copy_stream_impl.obj
c:\my\mkrnavsolution\kernel-mvs\vcprojects\mkrnav\protobuf\vsprojects\debug\zero_copy_stream_impl_lite.obj
c:\my\mkrnavsolution\kernel-mvs\vcprojects\mkrnav\protobuf\vsprojects\debug\coded_stream.obj
c:\my\mkrnavsolution\kernel-mvs\vcprojects\mkrnav\protobuf\vsprojects\debug\common.obj
c:\my\mkrnavsolution\kernel-mvs\vcprojects\mkrnav\protobuf\vsprojects\debug\descriptor.obj
c:\my\mkrnavsolution\kernel-mvs\vcprojects\mkrnav\protobuf\vsprojects\debug\descriptor.pb.obj
c:\my\mkrnavsolution\kernel-mvs\vcprojects\mkrnav\protobuf\vsprojects\debug\descriptor_database.obj
c:\my\mkrnavsolution\kernel-mvs\vcprojects\mkrnav\protobuf\vsprojects\debug\dynamic_message.obj
c:\my\mkrnavsolution\kernel-mvs\vcprojects\mkrnav\protobuf\vsprojects\debug\extension_set.obj
c:\my\mkrnavsolution\kernel-mvs\vcprojects\mkrnav\protobuf\vsprojects\debug\extension_set_heavy.obj
c:\my\mkrnavsolution\kernel-mvs\vcprojects\mkrnav\protobuf\vsprojects\debug\generated_message_reflection.obj
c:\my\mkrnavsolution\kernel-mvs\vcprojects\mkrnav\protobuf\vsprojects\debug\generated_message_util.obj
c:\my\mkrnavsolution\kernel-mvs\vcprojects\mkrnav\protobuf\vsprojects\debug\gzip_stream.obj
c:\my\mkrnavsolution\kernel-mvs\vcprojects\mkrnav\bin\debug-win32\libprotobuf.lib
c:\my\mkrnavsolution\kernel-mvs\vcprojects\mkrnav\\bin\debug-win32\libprotobuf.pdb
c:\my\mkrnavsolution\kernel-mvs\vcprojects\mkrnav\\bin\debug-win32\libprotobuf.lib
c:\my\mkrnavsolution\kernel-mvs\vcprojects\mkrnav\protobuf\vsprojects\debug\libprotobuf.tlog\cl.command.1.tlog
c:\my\mkrnavsolution\kernel-mvs\vcprojects\mkrnav\protobuf\vsprojects\debug\libprotobuf.tlog\cl.read.1.tlog
c:\my\mkrnavsolution\kernel-mvs\vcprojects\mkrnav\protobuf\vsprojects\debug\libprotobuf.tlog\cl.write.1.tlog
c:\my\mkrnavsolution\kernel-mvs\vcprojects\mkrnav\protobuf\vsprojects\debug\libprotobuf.tlog\lib-link.read.1.tlog
c:\my\mkrnavsolution\kernel-mvs\vcprojects\mkrnav\protobuf\vsprojects\debug\libprotobuf.tlog\lib-link.write.1.tlog
c:\my\mkrnavsolution\kernel-mvs\vcprojects\mkrnav\protobuf\vsprojects\debug\libprotobuf.tlog\lib.command.1.tlog
