c:\my\fcnavigation\fcnav-kernel-mvs\vcprojects\mkrnav\zlib\debug\vc120.pdb
c:\my\fcnavigation\fcnav-kernel-mvs\vcprojects\mkrnav\zlib\debug\vc120.idb
c:\my\fcnavigation\fcnav-kernel-mvs\vcprojects\mkrnav\zlib\debug\adler32.obj
c:\my\fcnavigation\fcnav-kernel-mvs\vcprojects\mkrnav\zlib\debug\compress.obj
c:\my\fcnavigation\fcnav-kernel-mvs\vcprojects\mkrnav\zlib\debug\crc32.obj
c:\my\fcnavigation\fcnav-kernel-mvs\vcprojects\mkrnav\zlib\debug\deflate.obj
c:\my\fcnavigation\fcnav-kernel-mvs\vcprojects\mkrnav\zlib\debug\infback.obj
c:\my\fcnavigation\fcnav-kernel-mvs\vcprojects\mkrnav\zlib\debug\inffast.obj
c:\my\fcnavigation\fcnav-kernel-mvs\vcprojects\mkrnav\zlib\debug\inflate.obj
c:\my\fcnavigation\fcnav-kernel-mvs\vcprojects\mkrnav\zlib\debug\inftrees.obj
c:\my\fcnavigation\fcnav-kernel-mvs\vcprojects\mkrnav\zlib\debug\trees.obj
c:\my\fcnavigation\fcnav-kernel-mvs\vcprojects\mkrnav\zlib\debug\uncompr.obj
c:\my\fcnavigation\fcnav-kernel-mvs\vcprojects\mkrnav\zlib\debug\zutil.obj
c:\my\fcnavigation\fcnav-kernel-mvs\vcprojects\mkrnav\debug\zlib.lib
c:\my\fcnavigation\fcnav-kernel-mvs\vcprojects\mkrnav\zlib\debug\zlib.tlog\cl.command.1.tlog
c:\my\fcnavigation\fcnav-kernel-mvs\vcprojects\mkrnav\zlib\debug\zlib.tlog\cl.read.1.tlog
c:\my\fcnavigation\fcnav-kernel-mvs\vcprojects\mkrnav\zlib\debug\zlib.tlog\cl.write.1.tlog
c:\my\fcnavigation\fcnav-kernel-mvs\vcprojects\mkrnav\zlib\debug\zlib.tlog\lib-link.read.1.tlog
c:\my\fcnavigation\fcnav-kernel-mvs\vcprojects\mkrnav\zlib\debug\zlib.tlog\lib-link.write.1.tlog
c:\my\fcnavigation\fcnav-kernel-mvs\vcprojects\mkrnav\zlib\debug\zlib.tlog\lib.command.1.tlog
