c:\my\fcnavigation\fcnav-kernel-mvs\vcprojects\mkrnav\glsimulator\debug\vc120.pdb
c:\my\fcnavigation\fcnav-kernel-mvs\vcprojects\mkrnav\glsimulator\debug\vc120.idb
c:\my\fcnavigation\fcnav-kernel-mvs\vcprojects\mkrnav\glsimulator\debug\multipolygons.obj
c:\my\fcnavigation\fcnav-kernel-mvs\vcprojects\mkrnav\glsimulator\debug\poly.obj
c:\my\fcnavigation\fcnav-kernel-mvs\vcprojects\mkrnav\glsimulator\debug\flcnav_index.pb.obj
c:\my\fcnavigation\fcnav-kernel-mvs\vcprojects\mkrnav\glsimulator\debug\renderm.obj
c:\my\fcnavigation\fcnav-kernel-mvs\vcprojects\mkrnav\glsimulator\debug\renderrules.obj
c:\my\fcnavigation\fcnav-kernel-mvs\vcprojects\mkrnav\glsimulator\debug\searchaddr.obj
c:\my\fcnavigation\fcnav-kernel-mvs\vcprojects\mkrnav\glsimulator\debug\eglrenderer.obj
c:\my\fcnavigation\fcnav-kernel-mvs\vcprojects\mkrnav\glsimulator\debug\interface.obj
c:\my\fcnavigation\fcnav-kernel-mvs\vcprojects\mkrnav\glsimulator\debug\matrix.obj
c:\my\fcnavigation\fcnav-kernel-mvs\vcprojects\mkrnav\glsimulator\debug\ogl.obj
c:\my\fcnavigation\fcnav-kernel-mvs\vcprojects\mkrnav\glsimulator\debug\sk_draw.obj
c:\my\fcnavigation\fcnav-kernel-mvs\vcprojects\mkrnav\glsimulator\debug\sk_drawt.obj
c:\my\fcnavigation\fcnav-kernel-mvs\vcprojects\mkrnav\glsimulator\debug\croute.obj
c:\my\fcnavigation\fcnav-kernel-mvs\vcprojects\mkrnav\glsimulator\debug\route.obj
c:\my\fcnavigation\fcnav-kernel-mvs\vcprojects\mkrnav\glsimulator\debug\routep.obj
c:\my\fcnavigation\fcnav-kernel-mvs\vcprojects\mkrnav\glsimulator\debug\turninfo.obj
c:\my\fcnavigation\fcnav-kernel-mvs\vcprojects\mkrnav\glsimulator\debug\esutil.obj
c:\my\fcnavigation\fcnav-kernel-mvs\vcprojects\mkrnav\glsimulator\debug\mglwindow.obj
c:\my\fcnavigation\fcnav-kernel-mvs\vcprojects\mkrnav\glsimulator\debug\fcnav_win.obj
c:\my\fcnavigation\fcnav-kernel-mvs\vcprojects\mkrnav\glsimulator\debug\cmaprenderer.obj
c:\my\fcnavigation\fcnav-kernel-mvs\vcprojects\mkrnav\glsimulator\debug\common.obj
c:\my\fcnavigation\fcnav-kernel-mvs\vcprojects\mkrnav\glsimulator\debug\filemng.obj
c:\my\fcnavigation\fcnav-kernel-mvs\vcprojects\mkrnav\glsimulator\debug\mapobjects.obj
c:\my\fcnavigation\fcnav-kernel-mvs\vcprojects\mkrnav\glsimulator\debug\map_binary.obj
c:\my\fcnavigation\fcnav-kernel-mvs\vcprojects\mkrnav\glsimulator\debug\rendert.obj
c:\my\fcnavigation\fcnav-kernel-mvs\vcprojects\mkrnav\debug\glsimulator.ilk
c:\my\fcnavigation\fcnav-kernel-mvs\vcprojects\mkrnav\debug\glsimulator.exe
c:\my\fcnavigation\fcnav-kernel-mvs\vcprojects\mkrnav\debug\glsimulator.pdb
c:\my\fcnavigation\fcnav-kernel-mvs\vcprojects\mkrnav\glsimulator\debug\glsimulator.vcxprojresolveassemblyreference.cache
c:\my\fcnavigation\fcnav-kernel-mvs\vcprojects\mkrnav\glsimulator\debug\glsimulator.tlog\cl.command.1.tlog
c:\my\fcnavigation\fcnav-kernel-mvs\vcprojects\mkrnav\glsimulator\debug\glsimulator.tlog\cl.read.1.tlog
c:\my\fcnavigation\fcnav-kernel-mvs\vcprojects\mkrnav\glsimulator\debug\glsimulator.tlog\cl.write.1.tlog
c:\my\fcnavigation\fcnav-kernel-mvs\vcprojects\mkrnav\glsimulator\debug\glsimulator.tlog\link.command.1.tlog
c:\my\fcnavigation\fcnav-kernel-mvs\vcprojects\mkrnav\glsimulator\debug\glsimulator.tlog\link.read.1.tlog
c:\my\fcnavigation\fcnav-kernel-mvs\vcprojects\mkrnav\glsimulator\debug\glsimulator.tlog\link.write.1.tlog
