c:\my\fcnavigation\fcnav-kernel-mvs\vcprojects\mkrnav\png\debug\vc120.pdb
c:\my\fcnavigation\fcnav-kernel-mvs\vcprojects\mkrnav\png\debug\vc120.idb
c:\my\fcnavigation\fcnav-kernel-mvs\vcprojects\mkrnav\png\debug\png.obj
c:\my\fcnavigation\fcnav-kernel-mvs\vcprojects\mkrnav\png\debug\pngerror.obj
c:\my\fcnavigation\fcnav-kernel-mvs\vcprojects\mkrnav\png\debug\pnggccrd.obj
c:\my\fcnavigation\fcnav-kernel-mvs\vcprojects\mkrnav\png\debug\pngget.obj
c:\my\fcnavigation\fcnav-kernel-mvs\vcprojects\mkrnav\png\debug\pngmem.obj
c:\my\fcnavigation\fcnav-kernel-mvs\vcprojects\mkrnav\png\debug\pngpread.obj
c:\my\fcnavigation\fcnav-kernel-mvs\vcprojects\mkrnav\png\debug\pngread.obj
c:\my\fcnavigation\fcnav-kernel-mvs\vcprojects\mkrnav\png\debug\pngrio.obj
c:\my\fcnavigation\fcnav-kernel-mvs\vcprojects\mkrnav\png\debug\pngrtran.obj
c:\my\fcnavigation\fcnav-kernel-mvs\vcprojects\mkrnav\png\debug\pngrutil.obj
c:\my\fcnavigation\fcnav-kernel-mvs\vcprojects\mkrnav\png\debug\pngset.obj
c:\my\fcnavigation\fcnav-kernel-mvs\vcprojects\mkrnav\png\debug\pngtrans.obj
c:\my\fcnavigation\fcnav-kernel-mvs\vcprojects\mkrnav\png\debug\pngvcrd.obj
c:\my\fcnavigation\fcnav-kernel-mvs\vcprojects\mkrnav\png\debug\pngwio.obj
c:\my\fcnavigation\fcnav-kernel-mvs\vcprojects\mkrnav\png\debug\pngwrite.obj
c:\my\fcnavigation\fcnav-kernel-mvs\vcprojects\mkrnav\png\debug\pngwtran.obj
c:\my\fcnavigation\fcnav-kernel-mvs\vcprojects\mkrnav\png\debug\pngwutil.obj
c:\my\fcnavigation\fcnav-kernel-mvs\vcprojects\mkrnav\debug\png.lib
c:\my\fcnavigation\fcnav-kernel-mvs\vcprojects\mkrnav\png\debug\png.tlog\cl.command.1.tlog
c:\my\fcnavigation\fcnav-kernel-mvs\vcprojects\mkrnav\png\debug\png.tlog\cl.read.1.tlog
c:\my\fcnavigation\fcnav-kernel-mvs\vcprojects\mkrnav\png\debug\png.tlog\cl.write.1.tlog
c:\my\fcnavigation\fcnav-kernel-mvs\vcprojects\mkrnav\png\debug\png.tlog\lib-link.read.1.tlog
c:\my\fcnavigation\fcnav-kernel-mvs\vcprojects\mkrnav\png\debug\png.tlog\lib-link.write.1.tlog
c:\my\fcnavigation\fcnav-kernel-mvs\vcprojects\mkrnav\png\debug\png.tlog\lib.command.1.tlog
