c:\my\projects\newunidriver\mqtt_service\mqttproj\mqttproj\debug\mqttproj.pch
c:\my\projects\newunidriver\mqtt_service\mqttproj\mqttproj\debug\vc120.pdb
c:\my\projects\newunidriver\mqtt_service\mqttproj\mqttproj\debug\vc120.idb
c:\my\projects\newunidriver\mqtt_service\mqttproj\mqttproj\debug\stdafx.obj
c:\my\projects\newunidriver\mqtt_service\mqttproj\mqttproj\debug\mosquittopp.obj
c:\my\projects\newunidriver\mqtt_service\mqttproj\mqttproj\debug\main.obj
c:\my\projects\newunidriver\mqtt_service\mqttproj\mqttproj\debug\temperature_conversion.obj
c:\my\projects\newunidriver\mqtt_service\mqttproj\mqttproj\debug\messages_mosq.obj
c:\my\projects\newunidriver\mqtt_service\mqttproj\mqttproj\debug\net_mosq.obj
c:\my\projects\newunidriver\mqtt_service\mqttproj\mqttproj\debug\read_handle.obj
c:\my\projects\newunidriver\mqtt_service\mqttproj\mqttproj\debug\read_handle_client.obj
c:\my\projects\newunidriver\mqtt_service\mqttproj\mqttproj\debug\read_handle_shared.obj
c:\my\projects\newunidriver\mqtt_service\mqttproj\mqttproj\debug\send_client_mosq.obj
c:\my\projects\newunidriver\mqtt_service\mqttproj\mqttproj\debug\send_mosq.obj
c:\my\projects\newunidriver\mqtt_service\mqttproj\mqttproj\debug\socks_mosq.obj
c:\my\projects\newunidriver\mqtt_service\mqttproj\mqttproj\debug\srv_mosq.obj
c:\my\projects\newunidriver\mqtt_service\mqttproj\mqttproj\debug\thread_mosq.obj
c:\my\projects\newunidriver\mqtt_service\mqttproj\mqttproj\debug\tls_mosq.obj
c:\my\projects\newunidriver\mqtt_service\mqttproj\mqttproj\debug\will_mosq.obj
c:\my\projects\newunidriver\mqtt_service\mqttproj\mqttproj\debug\logging_mosq.obj
c:\my\projects\newunidriver\mqtt_service\mqttproj\mqttproj\debug\memory_mosq.obj
c:\my\projects\newunidriver\mqtt_service\mqttproj\mqttproj\debug\mosquitto.obj
c:\my\projects\newunidriver\mqtt_service\mqttproj\mqttproj\debug\time_mosq.obj
c:\my\projects\newunidriver\mqtt_service\mqttproj\mqttproj\debug\util_mosq.obj
c:\my\projects\newunidriver\mqtt_service\mqttproj\debug\mqttproj.ilk
c:\my\projects\newunidriver\mqtt_service\mqttproj\debug\mqttproj.exe
c:\my\projects\newunidriver\mqtt_service\mqttproj\debug\mqttproj.pdb
c:\my\projects\newunidriver\mqtt_service\mqttproj\debug\mqttproj.lib
c:\my\projects\newunidriver\mqtt_service\mqttproj\debug\mqttproj.exp
c:\my\projects\newunidriver\mqtt_service\mqttproj\mqttproj\debug\mqttproj.vcxprojresolveassemblyreference.cache
c:\my\projects\newunidriver\mqtt_service\mqttproj\mqttproj\debug\mqttproj.tlog\cl.command.1.tlog
c:\my\projects\newunidriver\mqtt_service\mqttproj\mqttproj\debug\mqttproj.tlog\cl.read.1.tlog
c:\my\projects\newunidriver\mqtt_service\mqttproj\mqttproj\debug\mqttproj.tlog\cl.write.1.tlog
c:\my\projects\newunidriver\mqtt_service\mqttproj\mqttproj\debug\mqttproj.tlog\link.command.1.tlog
c:\my\projects\newunidriver\mqtt_service\mqttproj\mqttproj\debug\mqttproj.tlog\link.read.1.tlog
c:\my\projects\newunidriver\mqtt_service\mqttproj\mqttproj\debug\mqttproj.tlog\link.write.1.tlog
c:\my\projects\newunidriver\mqtt_service\mqttproj\mqttproj\debug\mqttproj.tlog\mqttproj.write.1u.tlog
