C:\MY\FCNAVIGATION\FCNAV-KERNEL-MVS\VCPROJECTS\ANGLEPROJECT\SRC\COMPILER\RELEASE\COMMON\ATOM.OBJ
C:\MY\FCNAVIGATION\FCNAV-KERNEL-MVS\VCPROJECTS\ANGLEPROJECT\SRC\COMPILER\RELEASE\COMMON\BUILTINFUNCTIONEMULATOR.OBJ
C:\my\FCNavigation\FCNav-kernel-mvs\VCProjects\angleproject\src\compiler\Release\common\cl.command.1.tlog
C:\my\FCNavigation\FCNav-kernel-mvs\VCProjects\angleproject\src\compiler\Release\common\CL.read.1.tlog
C:\my\FCNavigation\FCNav-kernel-mvs\VCProjects\angleproject\src\compiler\Release\common\CL.write.1.tlog
C:\MY\FCNAVIGATION\FCNAV-KERNEL-MVS\VCPROJECTS\ANGLEPROJECT\SRC\COMPILER\RELEASE\COMMON\COMPILER.OBJ
C:\MY\FCNAVIGATION\FCNAV-KERNEL-MVS\VCPROJECTS\ANGLEPROJECT\SRC\COMPILER\RELEASE\COMMON\CPP.OBJ
C:\MY\FCNAVIGATION\FCNAV-KERNEL-MVS\VCPROJECTS\ANGLEPROJECT\SRC\COMPILER\RELEASE\COMMON\CPPSTRUCT.OBJ
C:\MY\FCNAVIGATION\FCNAV-KERNEL-MVS\VCPROJECTS\ANGLEPROJECT\SRC\COMPILER\RELEASE\COMMON\DEBUG.OBJ
C:\MY\FCNAVIGATION\FCNAV-KERNEL-MVS\VCPROJECTS\ANGLEPROJECT\SRC\COMPILER\RELEASE\COMMON\DEPENDENCYGRAPH.OBJ
C:\MY\FCNAVIGATION\FCNAV-KERNEL-MVS\VCPROJECTS\ANGLEPROJECT\SRC\COMPILER\RELEASE\COMMON\DEPENDENCYGRAPHBUILDER.OBJ
C:\MY\FCNAVIGATION\FCNAV-KERNEL-MVS\VCPROJECTS\ANGLEPROJECT\SRC\COMPILER\RELEASE\COMMON\DEPENDENCYGRAPHOUTPUT.OBJ
C:\MY\FCNAVIGATION\FCNAV-KERNEL-MVS\VCPROJECTS\ANGLEPROJECT\SRC\COMPILER\RELEASE\COMMON\DEPENDENCYGRAPHTRAVERSE.OBJ
C:\MY\FCNAVIGATION\FCNAV-KERNEL-MVS\VCPROJECTS\ANGLEPROJECT\SRC\COMPILER\RELEASE\COMMON\DETECTRECURSION.OBJ
C:\MY\FCNAVIGATION\FCNAV-KERNEL-MVS\VCPROJECTS\ANGLEPROJECT\SRC\COMPILER\RELEASE\COMMON\DIAGNOSTICS.OBJ
C:\MY\FCNAVIGATION\FCNAV-KERNEL-MVS\VCPROJECTS\ANGLEPROJECT\SRC\COMPILER\RELEASE\COMMON\DIRECTIVEHANDLER.OBJ
C:\MY\FCNAVIGATION\FCNAV-KERNEL-MVS\VCPROJECTS\ANGLEPROJECT\SRC\COMPILER\RELEASE\COMMON\FORLOOPUNROLL.OBJ
C:\MY\FCNAVIGATION\FCNAV-KERNEL-MVS\VCPROJECTS\ANGLEPROJECT\SRC\COMPILER\RELEASE\COMMON\GLSLANG_LEX.OBJ
C:\MY\FCNAVIGATION\FCNAV-KERNEL-MVS\VCPROJECTS\ANGLEPROJECT\SRC\COMPILER\RELEASE\COMMON\GLSLANG_TAB.OBJ
C:\MY\FCNAVIGATION\FCNAV-KERNEL-MVS\VCPROJECTS\ANGLEPROJECT\SRC\COMPILER\RELEASE\COMMON\INFOSINK.OBJ
C:\MY\FCNAVIGATION\FCNAV-KERNEL-MVS\VCPROJECTS\ANGLEPROJECT\SRC\COMPILER\RELEASE\COMMON\INITIALIZE.OBJ
C:\MY\FCNAVIGATION\FCNAV-KERNEL-MVS\VCPROJECTS\ANGLEPROJECT\SRC\COMPILER\RELEASE\COMMON\INITIALIZEDLL.OBJ
C:\MY\FCNAVIGATION\FCNAV-KERNEL-MVS\VCPROJECTS\ANGLEPROJECT\SRC\COMPILER\RELEASE\COMMON\INITIALIZEPARSECONTEXT.OBJ
C:\MY\FCNAVIGATION\FCNAV-KERNEL-MVS\VCPROJECTS\ANGLEPROJECT\SRC\COMPILER\RELEASE\COMMON\INTERMEDIATE.OBJ
C:\MY\FCNAVIGATION\FCNAV-KERNEL-MVS\VCPROJECTS\ANGLEPROJECT\SRC\COMPILER\RELEASE\COMMON\INTERMOUT.OBJ
C:\MY\FCNAVIGATION\FCNAV-KERNEL-MVS\VCPROJECTS\ANGLEPROJECT\SRC\COMPILER\RELEASE\COMMON\INTERMTRAVERSE.OBJ
C:\my\FCNavigation\FCNav-kernel-mvs\VCProjects\angleproject\src\compiler\Release\common\lib.command.1.tlog
C:\my\FCNavigation\FCNav-kernel-mvs\VCProjects\angleproject\src\compiler\Release\common\Lib-link.read.1.tlog
C:\my\FCNavigation\FCNav-kernel-mvs\VCProjects\angleproject\src\compiler\Release\common\Lib-link.write.1.tlog
C:\MY\FCNAVIGATION\FCNAV-KERNEL-MVS\VCPROJECTS\ANGLEPROJECT\SRC\COMPILER\RELEASE\COMMON\MAPLONGVARIABLENAMES.OBJ
C:\MY\FCNAVIGATION\FCNAV-KERNEL-MVS\VCPROJECTS\ANGLEPROJECT\SRC\COMPILER\RELEASE\COMMON\MEMORY.OBJ
C:\MY\FCNAVIGATION\FCNAV-KERNEL-MVS\VCPROJECTS\ANGLEPROJECT\SRC\COMPILER\RELEASE\COMMON\OSSOURCE_WIN.OBJ
C:\MY\FCNAVIGATION\FCNAV-KERNEL-MVS\VCPROJECTS\ANGLEPROJECT\SRC\COMPILER\RELEASE\COMMON\PARSECONST.OBJ
C:\MY\FCNAVIGATION\FCNAV-KERNEL-MVS\VCPROJECTS\ANGLEPROJECT\SRC\COMPILER\RELEASE\COMMON\PARSEHELPER.OBJ
C:\MY\FCNAVIGATION\FCNAV-KERNEL-MVS\VCPROJECTS\ANGLEPROJECT\SRC\COMPILER\RELEASE\COMMON\POOLALLOC.OBJ
C:\MY\FCNAVIGATION\FCNAV-KERNEL-MVS\VCPROJECTS\ANGLEPROJECT\SRC\COMPILER\RELEASE\COMMON\QUALIFIERALIVE.OBJ
C:\MY\FCNAVIGATION\FCNAV-KERNEL-MVS\VCPROJECTS\ANGLEPROJECT\SRC\COMPILER\RELEASE\COMMON\REMOVETREE.OBJ
C:\MY\FCNAVIGATION\FCNAV-KERNEL-MVS\VCPROJECTS\ANGLEPROJECT\SRC\COMPILER\RELEASE\COMMON\RESTRICTFRAGMENTSHADERTIMING.OBJ
C:\MY\FCNAVIGATION\FCNAV-KERNEL-MVS\VCPROJECTS\ANGLEPROJECT\SRC\COMPILER\RELEASE\COMMON\RESTRICTVERTEXSHADERTIMING.OBJ
C:\MY\FCNAVIGATION\FCNAV-KERNEL-MVS\VCPROJECTS\ANGLEPROJECT\SRC\COMPILER\RELEASE\COMMON\SCANNER.OBJ
C:\MY\FCNAVIGATION\FCNAV-KERNEL-MVS\VCPROJECTS\ANGLEPROJECT\SRC\COMPILER\RELEASE\COMMON\SHADERLANG.OBJ
C:\MY\FCNAVIGATION\FCNAV-KERNEL-MVS\VCPROJECTS\ANGLEPROJECT\SRC\COMPILER\RELEASE\COMMON\SYMBOLS.OBJ
C:\MY\FCNAVIGATION\FCNAV-KERNEL-MVS\VCPROJECTS\ANGLEPROJECT\SRC\COMPILER\RELEASE\COMMON\SYMBOLTABLE.OBJ
C:\MY\FCNAVIGATION\FCNAV-KERNEL-MVS\VCPROJECTS\ANGLEPROJECT\SRC\COMPILER\RELEASE\COMMON\TOKENS.OBJ
C:\my\FCNavigation\FCNav-kernel-mvs\VCProjects\angleproject\src\compiler\Release\common\translator_common.write.1.tlog
C:\MY\FCNAVIGATION\FCNAV-KERNEL-MVS\VCPROJECTS\ANGLEPROJECT\SRC\COMPILER\RELEASE\COMMON\UTIL.OBJ
C:\MY\FCNAVIGATION\FCNAV-KERNEL-MVS\VCPROJECTS\ANGLEPROJECT\SRC\COMPILER\RELEASE\COMMON\VALIDATELIMITATIONS.OBJ
C:\MY\FCNAVIGATION\FCNAV-KERNEL-MVS\VCPROJECTS\ANGLEPROJECT\SRC\COMPILER\RELEASE\COMMON\VARIABLEINFO.OBJ
C:\MY\FCNAVIGATION\FCNAV-KERNEL-MVS\VCPROJECTS\ANGLEPROJECT\SRC\COMPILER\RELEASE\COMMON\VC100.PDB
C:\MY\FCNAVIGATION\FCNAV-KERNEL-MVS\VCPROJECTS\ANGLEPROJECT\SRC\RELEASE\TRANSLATOR_COMMON.LIB
