c:\my\mkrnavsolution\kernel-mvs\vcprojects\mkrnav\protobuf\debug\protobuf.pdb
c:\my\mkrnavsolution\kernel-mvs\vcprojects\mkrnav\protobuf\debug\protobuf.idb
c:\my\mkrnavsolution\kernel-mvs\vcprojects\mkrnav\protobuf\debug\coded_stream.obj
c:\my\mkrnavsolution\kernel-mvs\vcprojects\mkrnav\protobuf\debug\tokenizer.obj
c:\my\mkrnavsolution\kernel-mvs\vcprojects\mkrnav\protobuf\debug\zero_copy_stream.obj
c:\my\mkrnavsolution\kernel-mvs\vcprojects\mkrnav\protobuf\debug\zero_copy_stream_impl.obj
c:\my\mkrnavsolution\kernel-mvs\vcprojects\mkrnav\protobuf\debug\zero_copy_stream_impl_lite.obj
c:\my\mkrnavsolution\kernel-mvs\vcprojects\mkrnav\protobuf\debug\message_lite.obj
c:\my\mkrnavsolution\kernel-mvs\vcprojects\mkrnav\protobuf\debug\reflection_ops.obj
c:\my\mkrnavsolution\kernel-mvs\vcprojects\mkrnav\protobuf\debug\repeated_field.obj
c:\my\mkrnavsolution\kernel-mvs\vcprojects\mkrnav\protobuf\debug\service.obj
c:\my\mkrnavsolution\kernel-mvs\vcprojects\mkrnav\protobuf\debug\common.obj
c:\my\mkrnavsolution\kernel-mvs\vcprojects\mkrnav\protobuf\debug\once.obj
c:\my\mkrnavsolution\kernel-mvs\vcprojects\mkrnav\protobuf\debug\structurally_valid.obj
c:\my\mkrnavsolution\kernel-mvs\vcprojects\mkrnav\protobuf\debug\strutil.obj
c:\my\mkrnavsolution\kernel-mvs\vcprojects\mkrnav\protobuf\debug\substitute.obj
c:\my\mkrnavsolution\kernel-mvs\vcprojects\mkrnav\protobuf\debug\text_format.obj
c:\my\mkrnavsolution\kernel-mvs\vcprojects\mkrnav\protobuf\debug\unknown_field_set.obj
c:\my\mkrnavsolution\kernel-mvs\vcprojects\mkrnav\protobuf\debug\wire_format.obj
c:\my\mkrnavsolution\kernel-mvs\vcprojects\mkrnav\protobuf\debug\wire_format_lite.obj
c:\my\mkrnavsolution\kernel-mvs\vcprojects\mkrnav\protobuf\debug\descriptor.pb.obj
c:\my\mkrnavsolution\kernel-mvs\vcprojects\mkrnav\protobuf\debug\descriptor_database.obj
c:\my\mkrnavsolution\kernel-mvs\vcprojects\mkrnav\protobuf\debug\extension_set_heavy.obj
c:\my\mkrnavsolution\kernel-mvs\vcprojects\mkrnav\protobuf\debug\generated_message_reflection.obj
c:\my\mkrnavsolution\kernel-mvs\vcprojects\mkrnav\protobuf\debug\generated_message_util.obj
c:\my\mkrnavsolution\kernel-mvs\vcprojects\mkrnav\protobuf\debug\protobuf.tlog\cl.command.1.tlog
c:\my\mkrnavsolution\kernel-mvs\vcprojects\mkrnav\protobuf\debug\protobuf.tlog\cl.read.1.tlog
c:\my\mkrnavsolution\kernel-mvs\vcprojects\mkrnav\protobuf\debug\protobuf.tlog\cl.write.1.tlog
