c:\my\mkrnavsolution\mkrnav.android\static_libs\liblib_png.a
c:\my\mkrnavsolution\mkrnav.android\static_libs\liblib_png.a.recipe
c:\my\mkrnavsolution\mkrnav.android\lib_png\arm\debug\png.o
c:\my\mkrnavsolution\mkrnav.android\lib_png\arm\debug\pngerror.o
c:\my\mkrnavsolution\mkrnav.android\lib_png\arm\debug\pnggccrd.o
c:\my\mkrnavsolution\mkrnav.android\lib_png\arm\debug\pngget.o
c:\my\mkrnavsolution\mkrnav.android\lib_png\arm\debug\pngmem.o
c:\my\mkrnavsolution\mkrnav.android\lib_png\arm\debug\pngpread.o
c:\my\mkrnavsolution\mkrnav.android\lib_png\arm\debug\pngread.o
c:\my\mkrnavsolution\mkrnav.android\lib_png\arm\debug\pngrio.o
c:\my\mkrnavsolution\mkrnav.android\lib_png\arm\debug\pngrtran.o
c:\my\mkrnavsolution\mkrnav.android\lib_png\arm\debug\pngrutil.o
c:\my\mkrnavsolution\mkrnav.android\lib_png\arm\debug\pngset.o
c:\my\mkrnavsolution\mkrnav.android\lib_png\arm\debug\pngtest.o
c:\my\mkrnavsolution\mkrnav.android\lib_png\arm\debug\pngtrans.o
c:\my\mkrnavsolution\mkrnav.android\lib_png\arm\debug\pngvcrd.o
c:\my\mkrnavsolution\mkrnav.android\lib_png\arm\debug\pngwio.o
c:\my\mkrnavsolution\mkrnav.android\lib_png\arm\debug\pngwrite.o
c:\my\mkrnavsolution\mkrnav.android\lib_png\arm\debug\pngwtran.o
c:\my\mkrnavsolution\mkrnav.android\lib_png\arm\debug\pngwutil.o
c:\my\mkrproj\mkrnavsolution\mkrnav.android\lib_png\arm\debug\png.o
c:\my\mkrproj\mkrnavsolution\mkrnav.android\lib_png\arm\debug\pngerror.o
c:\my\mkrproj\mkrnavsolution\mkrnav.android\lib_png\arm\debug\pnggccrd.o
c:\my\mkrproj\mkrnavsolution\mkrnav.android\lib_png\arm\debug\pngget.o
c:\my\mkrproj\mkrnavsolution\mkrnav.android\lib_png\arm\debug\pngmem.o
c:\my\mkrproj\mkrnavsolution\mkrnav.android\lib_png\arm\debug\pngpread.o
c:\my\mkrproj\mkrnavsolution\mkrnav.android\lib_png\arm\debug\pngread.o
c:\my\mkrproj\mkrnavsolution\mkrnav.android\lib_png\arm\debug\pngrio.o
c:\my\mkrproj\mkrnavsolution\mkrnav.android\lib_png\arm\debug\pngrtran.o
c:\my\mkrproj\mkrnavsolution\mkrnav.android\lib_png\arm\debug\pngrutil.o
c:\my\mkrproj\mkrnavsolution\mkrnav.android\lib_png\arm\debug\pngset.o
c:\my\mkrproj\mkrnavsolution\mkrnav.android\lib_png\arm\debug\pngtest.o
c:\my\mkrproj\mkrnavsolution\mkrnav.android\lib_png\arm\debug\pngtrans.o
c:\my\mkrproj\mkrnavsolution\mkrnav.android\lib_png\arm\debug\pngvcrd.o
c:\my\mkrproj\mkrnavsolution\mkrnav.android\lib_png\arm\debug\pngwio.o
c:\my\mkrproj\mkrnavsolution\mkrnav.android\lib_png\arm\debug\pngwrite.o
c:\my\mkrproj\mkrnavsolution\mkrnav.android\lib_png\arm\debug\pngwtran.o
c:\my\mkrproj\mkrnavsolution\mkrnav.android\lib_png\arm\debug\pngwutil.o
c:\my\mkrproj\mkrnavsolution\mkrnav.android\lib_png\arm\debug\lib_png.tlog\arm-linux-androideabi-ar.command.1.tlog
c:\my\mkrproj\mkrnavsolution\mkrnav.android\lib_png\arm\debug\lib_png.tlog\arm-linux-androideabi-ar.read.1.tlog
c:\my\mkrproj\mkrnavsolution\mkrnav.android\lib_png\arm\debug\lib_png.tlog\arm-linux-androideabi-ar.write.1.tlog
c:\my\mkrproj\mkrnavsolution\mkrnav.android\lib_png\arm\debug\lib_png.tlog\arm-linux-androideabi-gcc.command.1.tlog
c:\my\mkrproj\mkrnavsolution\mkrnav.android\lib_png\arm\debug\lib_png.tlog\lib_png.write.1u.tlog
c:\my\mkrproj\mkrnavsolution\mkrnav.android\lib_png\arm\debug\lib_png.tlog\microsoft.build.cpptasks.clangcompile.read.1.tlog
c:\my\mkrproj\mkrnavsolution\mkrnav.android\lib_png\arm\debug\lib_png.tlog\microsoft.build.cpptasks.clangcompile.write.1.tlog
