C:\MY\GIS\EXTLIBS\ZLIB\CONTRIB\VSTUDIO\VC10\X86\ZLIBDLLDEBUG\TMP\ADLER32.OBJ
C:\my\GIS\extLibs\zlib\contrib\vstudio\vc10\x86\ZlibDllDebug\Tmp\cl.command.1.tlog
C:\my\GIS\extLibs\zlib\contrib\vstudio\vc10\x86\ZlibDllDebug\Tmp\CL.read.1.tlog
C:\my\GIS\extLibs\zlib\contrib\vstudio\vc10\x86\ZlibDllDebug\Tmp\CL.write.1.tlog
C:\MY\GIS\EXTLIBS\ZLIB\CONTRIB\VSTUDIO\VC10\X86\ZLIBDLLDEBUG\TMP\COMPRESS.OBJ
C:\MY\GIS\EXTLIBS\ZLIB\CONTRIB\VSTUDIO\VC10\X86\ZLIBDLLDEBUG\TMP\CRC32.OBJ
C:\MY\GIS\EXTLIBS\ZLIB\CONTRIB\VSTUDIO\VC10\X86\ZLIBDLLDEBUG\TMP\DEFLATE.OBJ
C:\MY\GIS\EXTLIBS\ZLIB\CONTRIB\VSTUDIO\VC10\X86\ZLIBDLLDEBUG\TMP\GZCLOSE.OBJ
C:\MY\GIS\EXTLIBS\ZLIB\CONTRIB\VSTUDIO\VC10\X86\ZLIBDLLDEBUG\TMP\GZLIB.OBJ
C:\MY\GIS\EXTLIBS\ZLIB\CONTRIB\VSTUDIO\VC10\X86\ZLIBDLLDEBUG\TMP\GZREAD.OBJ
C:\MY\GIS\EXTLIBS\ZLIB\CONTRIB\VSTUDIO\VC10\X86\ZLIBDLLDEBUG\TMP\GZWRITE.OBJ
C:\MY\GIS\EXTLIBS\ZLIB\CONTRIB\VSTUDIO\VC10\X86\ZLIBDLLDEBUG\TMP\INFBACK.OBJ
C:\MY\GIS\EXTLIBS\ZLIB\CONTRIB\VSTUDIO\VC10\X86\ZLIBDLLDEBUG\TMP\INFFAST.OBJ
C:\MY\GIS\EXTLIBS\ZLIB\CONTRIB\VSTUDIO\VC10\X86\ZLIBDLLDEBUG\TMP\INFLATE.OBJ
C:\MY\GIS\EXTLIBS\ZLIB\CONTRIB\VSTUDIO\VC10\X86\ZLIBDLLDEBUG\TMP\INFTREES.OBJ
C:\MY\GIS\EXTLIBS\ZLIB\CONTRIB\VSTUDIO\VC10\X86\ZLIBDLLDEBUG\TMP\IOAPI.OBJ
C:\MY\GIS\EXTLIBS\ZLIB\CONTRIB\VSTUDIO\VC10\X86\ZLIBDLLDEBUG\TMP\IOWIN32.OBJ
C:\my\GIS\extLibs\zlib\contrib\vstudio\vc10\x86\ZlibDllDebug\Tmp\lib.command.1.tlog
C:\my\GIS\extLibs\zlib\contrib\vstudio\vc10\x86\ZlibDllDebug\Tmp\Lib-link.read.1.tlog
C:\my\GIS\extLibs\zlib\contrib\vstudio\vc10\x86\ZlibDllDebug\Tmp\Lib-link.write.1.tlog
C:\my\GIS\extLibs\zlib\contrib\vstudio\vc10\x86\ZlibDllDebug\Tmp\Lib-link-cvtres.read.1.tlog
C:\my\GIS\extLibs\zlib\contrib\vstudio\vc10\x86\ZlibDllDebug\Tmp\Lib-link-cvtres.write.1.tlog
C:\my\GIS\extLibs\zlib\contrib\vstudio\vc10\x86\ZlibDllDebug\Tmp\rc.command.1.tlog
C:\my\GIS\extLibs\zlib\contrib\vstudio\vc10\x86\ZlibDllDebug\Tmp\rc.read.1.tlog
C:\my\GIS\extLibs\zlib\contrib\vstudio\vc10\x86\ZlibDllDebug\Tmp\rc.write.1.tlog
C:\MY\GIS\EXTLIBS\ZLIB\CONTRIB\VSTUDIO\VC10\X86\ZLIBDLLDEBUG\TMP\TREES.OBJ
C:\MY\GIS\EXTLIBS\ZLIB\CONTRIB\VSTUDIO\VC10\X86\ZLIBDLLDEBUG\TMP\UNCOMPR.OBJ
C:\MY\GIS\EXTLIBS\ZLIB\CONTRIB\VSTUDIO\VC10\X86\ZLIBDLLDEBUG\TMP\UNZIP.OBJ
C:\MY\GIS\EXTLIBS\ZLIB\CONTRIB\VSTUDIO\VC10\X86\ZLIBDLLDEBUG\TMP\ZIP.OBJ
C:\MY\GIS\EXTLIBS\ZLIB\CONTRIB\VSTUDIO\VC10\X86\ZLIBDLLDEBUG\TMP\ZLIB.RES
C:\MY\GIS\EXTLIBS\ZLIB\CONTRIB\VSTUDIO\VC10\X86\ZLIBDLLDEBUG\TMP\ZUTIL.OBJ
C:\MY\GIS\EXTLIBS\ZLIB\CONTRIB\VSTUDIO\VC10\X86\ZLIBDLLDEBUG\VC100.PDB
C:\MY\GIS\EXTLIBS\ZLIB\CONTRIB\VSTUDIO\VC10\X86\ZLIBDLLDEBUG\ZLIBWAPI.LIB
