c:\my\mkrproj\extlibs\protobuf-master\cmake\build\solution\libprotobuf-lite.dir\debug\arenastring.obj
c:\my\mkrproj\extlibs\protobuf-master\cmake\build\solution\libprotobuf-lite.dir\debug\generated_message_util.obj
c:\my\mkrproj\extlibs\protobuf-master\cmake\build\solution\libprotobuf-lite.dir\debug\coded_stream.obj
c:\my\mkrproj\extlibs\protobuf-master\cmake\build\solution\libprotobuf-lite.dir\debug\zero_copy_stream_impl_lite.obj
c:\my\mkrproj\extlibs\protobuf-master\cmake\build\solution\libprotobuf-lite.dir\debug\repeated_field.obj
c:\my\mkrproj\extlibs\protobuf-master\cmake\build\solution\libprotobuf-lite.dir\debug\atomicops_internals_x86_msvc.obj
c:\my\mkrproj\extlibs\protobuf-master\cmake\build\solution\libprotobuf-lite.dir\debug\int128.obj
c:\my\mkrproj\extlibs\protobuf-master\cmake\build\solution\libprotobuf-lite.dir\debug\once.obj
c:\my\mkrproj\extlibs\protobuf-master\cmake\build\solution\libprotobuf-lite.dir\debug\stringpiece.obj
c:\my\mkrproj\extlibs\protobuf-master\cmake\build\solution\libprotobuf-lite.dir\debug\structurally_valid.obj
c:\my\mkrproj\extlibs\protobuf-master\cmake\build\solution\libprotobuf-lite.dir\debug\time.obj
c:\my\mkrproj\extlibs\protobuf-master\cmake\build\solution\libprotobuf-lite.dir\debug\arena.obj
c:\my\mkrproj\extlibs\protobuf-master\cmake\build\solution\libprotobuf-lite.dir\debug\extension_set.obj
c:\my\mkrproj\extlibs\protobuf-master\cmake\build\solution\libprotobuf-lite.dir\debug\zero_copy_stream.obj
c:\my\mkrproj\extlibs\protobuf-master\cmake\build\solution\libprotobuf-lite.dir\debug\message_lite.obj
c:\my\mkrproj\extlibs\protobuf-master\cmake\build\solution\libprotobuf-lite.dir\debug\atomicops_internals_x86_gcc.obj
c:\my\mkrproj\extlibs\protobuf-master\cmake\build\solution\libprotobuf-lite.dir\debug\bytestream.obj
c:\my\mkrproj\extlibs\protobuf-master\cmake\build\solution\libprotobuf-lite.dir\debug\common.obj
c:\my\mkrproj\extlibs\protobuf-master\cmake\build\solution\libprotobuf-lite.dir\debug\status.obj
c:\my\mkrproj\extlibs\protobuf-master\cmake\build\solution\libprotobuf-lite.dir\debug\statusor.obj
c:\my\mkrproj\extlibs\protobuf-master\cmake\build\solution\libprotobuf-lite.dir\debug\stringprintf.obj
c:\my\mkrproj\extlibs\protobuf-master\cmake\build\solution\libprotobuf-lite.dir\debug\strutil.obj
c:\my\mkrproj\extlibs\protobuf-master\cmake\build\solution\libprotobuf-lite.dir\debug\wire_format_lite.obj
c:\my\mkrproj\extlibs\protobuf-master\cmake\build\solution\libprotobuf-lite.dir\debug\libprotobuf-lite.pdb
c:\my\mkrproj\extlibs\protobuf-master\cmake\build\solution\cmakefiles\generate.stamp
c:\my\mkrproj\extlibs\protobuf-master\cmake\build\solution\debug\libprotobuf-lited.lib
c:\my\mkrproj\extlibs\protobuf-master\cmake\build\solution\libprotobuf-lite.dir\debug\libprotobuf-lite.tlog\cl.command.1.tlog
c:\my\mkrproj\extlibs\protobuf-master\cmake\build\solution\libprotobuf-lite.dir\debug\libprotobuf-lite.tlog\cl.read.1.tlog
c:\my\mkrproj\extlibs\protobuf-master\cmake\build\solution\libprotobuf-lite.dir\debug\libprotobuf-lite.tlog\cl.write.1.tlog
c:\my\mkrproj\extlibs\protobuf-master\cmake\build\solution\libprotobuf-lite.dir\debug\libprotobuf-lite.tlog\custombuild.command.1.tlog
c:\my\mkrproj\extlibs\protobuf-master\cmake\build\solution\libprotobuf-lite.dir\debug\libprotobuf-lite.tlog\custombuild.read.1.tlog
c:\my\mkrproj\extlibs\protobuf-master\cmake\build\solution\libprotobuf-lite.dir\debug\libprotobuf-lite.tlog\custombuild.write.1.tlog
c:\my\mkrproj\extlibs\protobuf-master\cmake\build\solution\libprotobuf-lite.dir\debug\libprotobuf-lite.tlog\lib-link.read.1.tlog
c:\my\mkrproj\extlibs\protobuf-master\cmake\build\solution\libprotobuf-lite.dir\debug\libprotobuf-lite.tlog\lib-link.write.1.tlog
c:\my\mkrproj\extlibs\protobuf-master\cmake\build\solution\libprotobuf-lite.dir\debug\libprotobuf-lite.tlog\lib.command.1.tlog
