c:\my\mkrnavsolution\mkrnav.android\static_libs\liblib_freetype.a
c:\my\mkrnavsolution\mkrnav.android\static_libs\liblib_freetype.a.recipe
c:\my\mkrnavsolution\mkrnav.android\lib_freetype\arm\debug\autofit.o
c:\my\mkrnavsolution\mkrnav.android\lib_freetype\arm\debug\ftbase.o
c:\my\mkrnavsolution\mkrnav.android\lib_freetype\arm\debug\ftbbox.o
c:\my\mkrnavsolution\mkrnav.android\lib_freetype\arm\debug\ftbitmap.o
c:\my\mkrnavsolution\mkrnav.android\lib_freetype\arm\debug\ftfstype.o
c:\my\mkrnavsolution\mkrnav.android\lib_freetype\arm\debug\ftgasp.o
c:\my\mkrnavsolution\mkrnav.android\lib_freetype\arm\debug\ftglyph.o
c:\my\mkrnavsolution\mkrnav.android\lib_freetype\arm\debug\ftinit.o
c:\my\mkrnavsolution\mkrnav.android\lib_freetype\arm\debug\ftlcdfil.o
c:\my\mkrnavsolution\mkrnav.android\lib_freetype\arm\debug\ftstroke.o
c:\my\mkrnavsolution\mkrnav.android\lib_freetype\arm\debug\ftsystem.o
c:\my\mkrnavsolution\mkrnav.android\lib_freetype\arm\debug\fttype1.o
c:\my\mkrnavsolution\mkrnav.android\lib_freetype\arm\debug\ftxf86.o
c:\my\mkrnavsolution\mkrnav.android\lib_freetype\arm\debug\cff.o
c:\my\mkrnavsolution\mkrnav.android\lib_freetype\arm\debug\pshinter.o
c:\my\mkrnavsolution\mkrnav.android\lib_freetype\arm\debug\psnames.o
c:\my\mkrnavsolution\mkrnav.android\lib_freetype\arm\debug\raster.o
c:\my\mkrnavsolution\mkrnav.android\lib_freetype\arm\debug\sfnt.o
c:\my\mkrnavsolution\mkrnav.android\lib_freetype\arm\debug\smooth.o
c:\my\mkrnavsolution\mkrnav.android\lib_freetype\arm\debug\truetype.o
c:\my\mkrproj\mkrnavsolution\mkrnav.android\lib_freetype\arm\debug\autofit.o
c:\my\mkrproj\mkrnavsolution\mkrnav.android\lib_freetype\arm\debug\ftbase.o
c:\my\mkrproj\mkrnavsolution\mkrnav.android\lib_freetype\arm\debug\ftbbox.o
c:\my\mkrproj\mkrnavsolution\mkrnav.android\lib_freetype\arm\debug\ftbitmap.o
c:\my\mkrproj\mkrnavsolution\mkrnav.android\lib_freetype\arm\debug\ftfstype.o
c:\my\mkrproj\mkrnavsolution\mkrnav.android\lib_freetype\arm\debug\ftgasp.o
c:\my\mkrproj\mkrnavsolution\mkrnav.android\lib_freetype\arm\debug\ftglyph.o
c:\my\mkrproj\mkrnavsolution\mkrnav.android\lib_freetype\arm\debug\ftinit.o
c:\my\mkrproj\mkrnavsolution\mkrnav.android\lib_freetype\arm\debug\ftlcdfil.o
c:\my\mkrproj\mkrnavsolution\mkrnav.android\lib_freetype\arm\debug\ftstroke.o
c:\my\mkrproj\mkrnavsolution\mkrnav.android\lib_freetype\arm\debug\ftsystem.o
c:\my\mkrproj\mkrnavsolution\mkrnav.android\lib_freetype\arm\debug\fttype1.o
c:\my\mkrproj\mkrnavsolution\mkrnav.android\lib_freetype\arm\debug\ftxf86.o
c:\my\mkrproj\mkrnavsolution\mkrnav.android\lib_freetype\arm\debug\cff.o
c:\my\mkrproj\mkrnavsolution\mkrnav.android\lib_freetype\arm\debug\pshinter.o
c:\my\mkrproj\mkrnavsolution\mkrnav.android\lib_freetype\arm\debug\psnames.o
c:\my\mkrproj\mkrnavsolution\mkrnav.android\lib_freetype\arm\debug\raster.o
c:\my\mkrproj\mkrnavsolution\mkrnav.android\lib_freetype\arm\debug\sfnt.o
c:\my\mkrproj\mkrnavsolution\mkrnav.android\lib_freetype\arm\debug\smooth.o
c:\my\mkrproj\mkrnavsolution\mkrnav.android\lib_freetype\arm\debug\truetype.o
c:\my\mkrproj\mkrnavsolution\mkrnav.android\lib_freetype\arm\debug\lib_freetype.tlog\arm-linux-androideabi-ar.command.1.tlog
c:\my\mkrproj\mkrnavsolution\mkrnav.android\lib_freetype\arm\debug\lib_freetype.tlog\arm-linux-androideabi-ar.read.1.tlog
c:\my\mkrproj\mkrnavsolution\mkrnav.android\lib_freetype\arm\debug\lib_freetype.tlog\arm-linux-androideabi-ar.write.1.tlog
c:\my\mkrproj\mkrnavsolution\mkrnav.android\lib_freetype\arm\debug\lib_freetype.tlog\arm-linux-androideabi-gcc.command.1.tlog
c:\my\mkrproj\mkrnavsolution\mkrnav.android\lib_freetype\arm\debug\lib_freetype.tlog\lib_freetype.write.1u.tlog
c:\my\mkrproj\mkrnavsolution\mkrnav.android\lib_freetype\arm\debug\lib_freetype.tlog\microsoft.build.cpptasks.clangcompile.read.1.tlog
c:\my\mkrproj\mkrnavsolution\mkrnav.android\lib_freetype\arm\debug\lib_freetype.tlog\microsoft.build.cpptasks.clangcompile.write.1.tlog
