c:\my\voip\pjproject-2.4.5\pjsip\build\output\pjsua2_lib--win32-vc8-debug\pjsua2_lib.bsc
c:\mkr_proj_git\mkr_proj\newunidriver\voip\pjsip-245\pjsip\build\output\pjsua2_lib--win32-vc8-debug\pjsua2_lib.bsc
c:\my\voip\pjproject-2.4.5\pjsip\build\output\pjsua2_lib--win32-vc8-debug\pjsua2_lib.pdb
c:\mkr_proj_git\mkr_proj\newunidriver\voip\pjsip-245\pjsip\build\output\pjsua2_lib--win32-vc8-debug\pjsua2_lib.pdb
c:\mkr_proj_git\mkr_proj\newunidriver\voip\pjsip-245\pjsip\build\output\pjsua2_lib--win32-vc8-debug\pjsua2_lib.idb
c:\mkr_proj_git\mkr_proj\newunidriver\voip\pjsip-245\pjsip\build\output\pjsua2_lib--win32-vc8-debug\account.sbr
c:\mkr_proj_git\mkr_proj\newunidriver\voip\pjsip-245\pjsip\build\output\pjsua2_lib--win32-vc8-debug\call.sbr
c:\mkr_proj_git\mkr_proj\newunidriver\voip\pjsip-245\pjsip\build\output\pjsua2_lib--win32-vc8-debug\endpoint.sbr
c:\mkr_proj_git\mkr_proj\newunidriver\voip\pjsip-245\pjsip\build\output\pjsua2_lib--win32-vc8-debug\json.sbr
c:\mkr_proj_git\mkr_proj\newunidriver\voip\pjsip-245\pjsip\build\output\pjsua2_lib--win32-vc8-debug\media.sbr
c:\mkr_proj_git\mkr_proj\newunidriver\voip\pjsip-245\pjsip\build\output\pjsua2_lib--win32-vc8-debug\persistent.sbr
c:\mkr_proj_git\mkr_proj\newunidriver\voip\pjsip-245\pjsip\build\output\pjsua2_lib--win32-vc8-debug\presence.sbr
c:\mkr_proj_git\mkr_proj\newunidriver\voip\pjsip-245\pjsip\build\output\pjsua2_lib--win32-vc8-debug\siptypes.sbr
c:\mkr_proj_git\mkr_proj\newunidriver\voip\pjsip-245\pjsip\build\output\pjsua2_lib--win32-vc8-debug\types.sbr
c:\mkr_proj_git\mkr_proj\newunidriver\voip\pjsip-245\pjsip\build\output\pjsua2_lib--win32-vc8-debug\types.obj
c:\mkr_proj_git\mkr_proj\newunidriver\voip\pjsip-245\pjsip\build\output\pjsua2_lib--win32-vc8-debug\siptypes.obj
c:\mkr_proj_git\mkr_proj\newunidriver\voip\pjsip-245\pjsip\build\output\pjsua2_lib--win32-vc8-debug\presence.obj
c:\mkr_proj_git\mkr_proj\newunidriver\voip\pjsip-245\pjsip\build\output\pjsua2_lib--win32-vc8-debug\persistent.obj
c:\mkr_proj_git\mkr_proj\newunidriver\voip\pjsip-245\pjsip\build\output\pjsua2_lib--win32-vc8-debug\media.obj
c:\mkr_proj_git\mkr_proj\newunidriver\voip\pjsip-245\pjsip\build\output\pjsua2_lib--win32-vc8-debug\json.obj
c:\mkr_proj_git\mkr_proj\newunidriver\voip\pjsip-245\pjsip\build\output\pjsua2_lib--win32-vc8-debug\endpoint.obj
c:\mkr_proj_git\mkr_proj\newunidriver\voip\pjsip-245\pjsip\build\output\pjsua2_lib--win32-vc8-debug\call.obj
c:\mkr_proj_git\mkr_proj\newunidriver\voip\pjsip-245\pjsip\build\output\pjsua2_lib--win32-vc8-debug\account.obj
c:\my\voip\pjproject-2.4.5\pjsip\lib\pjsua2-lib-i386-win32-vc8-debug.lib
c:\mkr_proj_git\mkr_proj\newunidriver\voip\pjsip-245\pjsip\lib\pjsua2-lib-i386-win32-vc8-debug.lib
c:\mkr_proj_git\mkr_proj\newunidriver\voip\pjsip-245\pjsip\build\output\pjsua2_lib--win32-vc8-debug\pjsua2_lib.tlog\bscmake.command.1.tlog
c:\mkr_proj_git\mkr_proj\newunidriver\voip\pjsip-245\pjsip\build\output\pjsua2_lib--win32-vc8-debug\pjsua2_lib.tlog\bscmake.read.1.tlog
c:\mkr_proj_git\mkr_proj\newunidriver\voip\pjsip-245\pjsip\build\output\pjsua2_lib--win32-vc8-debug\pjsua2_lib.tlog\bscmake.write.1.tlog
c:\mkr_proj_git\mkr_proj\newunidriver\voip\pjsip-245\pjsip\build\output\pjsua2_lib--win32-vc8-debug\pjsua2_lib.tlog\cl.command.1.tlog
c:\mkr_proj_git\mkr_proj\newunidriver\voip\pjsip-245\pjsip\build\output\pjsua2_lib--win32-vc8-debug\pjsua2_lib.tlog\cl.read.1.tlog
c:\mkr_proj_git\mkr_proj\newunidriver\voip\pjsip-245\pjsip\build\output\pjsua2_lib--win32-vc8-debug\pjsua2_lib.tlog\cl.write.1.tlog
c:\mkr_proj_git\mkr_proj\newunidriver\voip\pjsip-245\pjsip\build\output\pjsua2_lib--win32-vc8-debug\pjsua2_lib.tlog\lib-link.read.1.tlog
c:\mkr_proj_git\mkr_proj\newunidriver\voip\pjsip-245\pjsip\build\output\pjsua2_lib--win32-vc8-debug\pjsua2_lib.tlog\lib-link.write.1.tlog
c:\mkr_proj_git\mkr_proj\newunidriver\voip\pjsip-245\pjsip\build\output\pjsua2_lib--win32-vc8-debug\pjsua2_lib.tlog\lib.command.1.tlog
