c:\my\mkrproj\newunidriver\sharedcode\extlibs\libmqtt_client.a
c:\my\mkrproj\newunidriver\sharedcode\mqtt_client\arm\debug\logging_mosq.o
c:\my\mkrproj\newunidriver\sharedcode\mqtt_client\arm\debug\memory_mosq.o
c:\my\mkrproj\newunidriver\sharedcode\mqtt_client\arm\debug\messages_mosq.o
c:\my\mkrproj\newunidriver\sharedcode\mqtt_client\arm\debug\mosquitto.o
c:\my\mkrproj\newunidriver\sharedcode\mqtt_client\arm\debug\net_mosq.o
c:\my\mkrproj\newunidriver\sharedcode\mqtt_client\arm\debug\read_handle.o
c:\my\mkrproj\newunidriver\sharedcode\mqtt_client\arm\debug\read_handle_client.o
c:\my\mkrproj\newunidriver\sharedcode\mqtt_client\arm\debug\read_handle_shared.o
c:\my\mkrproj\newunidriver\sharedcode\mqtt_client\arm\debug\send_client_mosq.o
c:\my\mkrproj\newunidriver\sharedcode\mqtt_client\arm\debug\send_mosq.o
c:\my\mkrproj\newunidriver\sharedcode\mqtt_client\arm\debug\socks_mosq.o
c:\my\mkrproj\newunidriver\sharedcode\mqtt_client\arm\debug\srv_mosq.o
c:\my\mkrproj\newunidriver\sharedcode\mqtt_client\arm\debug\thread_mosq.o
c:\my\mkrproj\newunidriver\sharedcode\mqtt_client\arm\debug\time_mosq.o
c:\my\mkrproj\newunidriver\sharedcode\mqtt_client\arm\debug\tls_mosq.o
c:\my\mkrproj\newunidriver\sharedcode\mqtt_client\arm\debug\util_mosq.o
c:\my\mkrproj\newunidriver\sharedcode\mqtt_client\arm\debug\will_mosq.o
..\extlibs\libmqtt_client.a.recipe
c:\my\mkrproj\newunidriver\sharedcode\mqtt_client\..\extlibs\libmqtt_client.a
c:\my\mkrproj\newunidriver\sharedcode\mqtt_client\arm\debug\mqtt_client.tlog\arm-linux-androideabi-ar.command.1.tlog
c:\my\mkrproj\newunidriver\sharedcode\mqtt_client\arm\debug\mqtt_client.tlog\arm-linux-androideabi-ar.read.1.tlog
c:\my\mkrproj\newunidriver\sharedcode\mqtt_client\arm\debug\mqtt_client.tlog\arm-linux-androideabi-ar.write.1.tlog
c:\my\mkrproj\newunidriver\sharedcode\mqtt_client\arm\debug\mqtt_client.tlog\arm-linux-androideabi-gcc.command.1.tlog
c:\my\mkrproj\newunidriver\sharedcode\mqtt_client\arm\debug\mqtt_client.tlog\microsoft.build.cpptasks.clangcompile.read.1.tlog
c:\my\mkrproj\newunidriver\sharedcode\mqtt_client\arm\debug\mqtt_client.tlog\microsoft.build.cpptasks.clangcompile.write.1.tlog
c:\my\mkrproj\newunidriver\sharedcode\mqtt_client\arm\debug\mqtt_client.tlog\mqtt_client.write.1u.tlog
