c:\my\mkrproj\newunidriver\sharedcode\extlibs\liblib_protobuf_3xx.a
..\extlibs\liblib_protobuf_3xx.a.recipe
c:\my\mkrproj\newunidriver\sharedcode\lib_protobuf_3xx\arm\debug\pch.h.gch
c:\my\mkrproj\newunidriver\sharedcode\lib_protobuf_3xx\arm\debug\any.o
c:\my\mkrproj\newunidriver\sharedcode\lib_protobuf_3xx\arm\debug\any.pb.o
c:\my\mkrproj\newunidriver\sharedcode\lib_protobuf_3xx\arm\debug\api.pb.o
c:\my\mkrproj\newunidriver\sharedcode\lib_protobuf_3xx\arm\debug\arena.o
c:\my\mkrproj\newunidriver\sharedcode\lib_protobuf_3xx\arm\debug\arenastring.o
c:\my\mkrproj\newunidriver\sharedcode\lib_protobuf_3xx\arm\debug\parser.o
c:\my\mkrproj\newunidriver\sharedcode\lib_protobuf_3xx\arm\debug\descriptor.o
c:\my\mkrproj\newunidriver\sharedcode\lib_protobuf_3xx\arm\debug\descriptor.pb.o
c:\my\mkrproj\newunidriver\sharedcode\lib_protobuf_3xx\arm\debug\descriptor_database.o
c:\my\mkrproj\newunidriver\sharedcode\lib_protobuf_3xx\arm\debug\duration.pb.o
c:\my\mkrproj\newunidriver\sharedcode\lib_protobuf_3xx\arm\debug\dynamic_message.o
c:\my\mkrproj\newunidriver\sharedcode\lib_protobuf_3xx\arm\debug\empty.pb.o
c:\my\mkrproj\newunidriver\sharedcode\lib_protobuf_3xx\arm\debug\extension_set.o
c:\my\mkrproj\newunidriver\sharedcode\lib_protobuf_3xx\arm\debug\extension_set_heavy.o
c:\my\mkrproj\newunidriver\sharedcode\lib_protobuf_3xx\arm\debug\field_mask.pb.o
c:\my\mkrproj\newunidriver\sharedcode\lib_protobuf_3xx\arm\debug\generated_message_reflection.o
c:\my\mkrproj\newunidriver\sharedcode\lib_protobuf_3xx\arm\debug\generated_message_util.o
c:\my\mkrproj\newunidriver\sharedcode\lib_protobuf_3xx\arm\debug\coded_stream.o
c:\my\mkrproj\newunidriver\sharedcode\lib_protobuf_3xx\arm\debug\gzip_stream.o
c:\my\mkrproj\newunidriver\sharedcode\lib_protobuf_3xx\arm\debug\strtod.o
c:\my\mkrproj\newunidriver\sharedcode\lib_protobuf_3xx\arm\debug\tokenizer.o
c:\my\mkrproj\newunidriver\sharedcode\lib_protobuf_3xx\arm\debug\zero_copy_stream.o
c:\my\mkrproj\newunidriver\sharedcode\lib_protobuf_3xx\arm\debug\zero_copy_stream_impl.o
c:\my\mkrproj\newunidriver\sharedcode\lib_protobuf_3xx\arm\debug\zero_copy_stream_impl_lite.o
c:\my\mkrproj\newunidriver\sharedcode\lib_protobuf_3xx\arm\debug\map_field.o
c:\my\mkrproj\newunidriver\sharedcode\lib_protobuf_3xx\arm\debug\message.o
c:\my\mkrproj\newunidriver\sharedcode\lib_protobuf_3xx\arm\debug\message_lite.o
c:\my\mkrproj\newunidriver\sharedcode\lib_protobuf_3xx\arm\debug\reflection_ops.o
c:\my\mkrproj\newunidriver\sharedcode\lib_protobuf_3xx\arm\debug\repeated_field.o
c:\my\mkrproj\newunidriver\sharedcode\lib_protobuf_3xx\arm\debug\service.o
c:\my\mkrproj\newunidriver\sharedcode\lib_protobuf_3xx\arm\debug\source_context.pb.o
c:\my\mkrproj\newunidriver\sharedcode\lib_protobuf_3xx\arm\debug\bytestream.o
c:\my\mkrproj\newunidriver\sharedcode\lib_protobuf_3xx\arm\debug\common.o
c:\my\mkrproj\newunidriver\sharedcode\lib_protobuf_3xx\arm\debug\int128.o
c:\my\mkrproj\newunidriver\sharedcode\lib_protobuf_3xx\arm\debug\mathlimits.o
c:\my\mkrproj\newunidriver\sharedcode\lib_protobuf_3xx\arm\debug\once.o
c:\my\mkrproj\newunidriver\sharedcode\lib_protobuf_3xx\arm\debug\status.o
c:\my\mkrproj\newunidriver\sharedcode\lib_protobuf_3xx\arm\debug\statusor.o
c:\my\mkrproj\newunidriver\sharedcode\lib_protobuf_3xx\arm\debug\stringpiece.o
c:\my\mkrproj\newunidriver\sharedcode\lib_protobuf_3xx\arm\debug\stringprintf.o
c:\my\mkrproj\newunidriver\sharedcode\lib_protobuf_3xx\arm\debug\structurally_valid.o
c:\my\mkrproj\newunidriver\sharedcode\lib_protobuf_3xx\arm\debug\strutil.o
c:\my\mkrproj\newunidriver\sharedcode\lib_protobuf_3xx\arm\debug\substitute.o
c:\my\mkrproj\newunidriver\sharedcode\lib_protobuf_3xx\arm\debug\time.o
c:\my\mkrproj\newunidriver\sharedcode\lib_protobuf_3xx\arm\debug\text_format.o
c:\my\mkrproj\newunidriver\sharedcode\lib_protobuf_3xx\arm\debug\timestamp.pb.o
c:\my\mkrproj\newunidriver\sharedcode\lib_protobuf_3xx\arm\debug\type.pb.o
c:\my\mkrproj\newunidriver\sharedcode\lib_protobuf_3xx\arm\debug\unknown_field_set.o
c:\my\mkrproj\newunidriver\sharedcode\lib_protobuf_3xx\arm\debug\field_comparator.o
c:\my\mkrproj\newunidriver\sharedcode\lib_protobuf_3xx\arm\debug\field_mask_util.o
c:\my\mkrproj\newunidriver\sharedcode\lib_protobuf_3xx\arm\debug\default_value_objectwriter.o
c:\my\mkrproj\newunidriver\sharedcode\lib_protobuf_3xx\arm\debug\error_listener.o
c:\my\mkrproj\newunidriver\sharedcode\lib_protobuf_3xx\arm\debug\field_mask_utility.o
c:\my\mkrproj\newunidriver\sharedcode\lib_protobuf_3xx\arm\debug\type_info.o
c:\my\mkrproj\newunidriver\sharedcode\lib_protobuf_3xx\arm\debug\message_differencer.o
c:\my\mkrproj\newunidriver\sharedcode\lib_protobuf_3xx\arm\debug\time_util.o
c:\my\mkrproj\newunidriver\sharedcode\lib_protobuf_3xx\arm\debug\wire_format.o
c:\my\mkrproj\newunidriver\sharedcode\lib_protobuf_3xx\arm\debug\wire_format_lite.o
c:\my\mkrproj\newunidriver\sharedcode\lib_protobuf_3xx\..\extlibs\liblib_protobuf_3xx.a
c:\my\mkrproj\newunidriver\sharedcode\lib_protobuf_3xx\arm\debug\lib_protobuf_3xx.tlog\arm-linux-androideabi-ar.command.1.tlog
c:\my\mkrproj\newunidriver\sharedcode\lib_protobuf_3xx\arm\debug\lib_protobuf_3xx.tlog\arm-linux-androideabi-ar.read.1.tlog
c:\my\mkrproj\newunidriver\sharedcode\lib_protobuf_3xx\arm\debug\lib_protobuf_3xx.tlog\arm-linux-androideabi-ar.write.1.tlog
c:\my\mkrproj\newunidriver\sharedcode\lib_protobuf_3xx\arm\debug\lib_protobuf_3xx.tlog\clang.command.1.tlog
c:\my\mkrproj\newunidriver\sharedcode\lib_protobuf_3xx\arm\debug\lib_protobuf_3xx.tlog\lib_protobuf_3xx.write.1u.tlog
c:\my\mkrproj\newunidriver\sharedcode\lib_protobuf_3xx\arm\debug\lib_protobuf_3xx.tlog\microsoft.build.cpptasks.clangcompile.read.1.tlog
c:\my\mkrproj\newunidriver\sharedcode\lib_protobuf_3xx\arm\debug\lib_protobuf_3xx.tlog\microsoft.build.cpptasks.clangcompile.write.1.tlog
