e:\my\gis\extlibs\bin\debug-x64\vc120.pdb
e:\my\gis\extlibs\zlib\contrib\vstudio\vc10\x64\zlibdlldebug\tmp\zutil.obj
e:\my\gis\extlibs\zlib\contrib\vstudio\vc10\x64\zlibdlldebug\tmp\zip.obj
e:\my\gis\extlibs\zlib\contrib\vstudio\vc10\x64\zlibdlldebug\tmp\unzip.obj
e:\my\gis\extlibs\zlib\contrib\vstudio\vc10\x64\zlibdlldebug\tmp\uncompr.obj
e:\my\gis\extlibs\zlib\contrib\vstudio\vc10\x64\zlibdlldebug\tmp\trees.obj
e:\my\gis\extlibs\zlib\contrib\vstudio\vc10\x64\zlibdlldebug\tmp\iowin32.obj
e:\my\gis\extlibs\zlib\contrib\vstudio\vc10\x64\zlibdlldebug\tmp\ioapi.obj
e:\my\gis\extlibs\zlib\contrib\vstudio\vc10\x64\zlibdlldebug\tmp\inftrees.obj
e:\my\gis\extlibs\zlib\contrib\vstudio\vc10\x64\zlibdlldebug\tmp\inflate.obj
e:\my\gis\extlibs\zlib\contrib\vstudio\vc10\x64\zlibdlldebug\tmp\inffast.obj
e:\my\gis\extlibs\zlib\contrib\vstudio\vc10\x64\zlibdlldebug\tmp\inffas8664.obj
e:\my\gis\extlibs\zlib\contrib\vstudio\vc10\x64\zlibdlldebug\tmp\infback.obj
e:\my\gis\extlibs\zlib\contrib\vstudio\vc10\x64\zlibdlldebug\tmp\gzwrite.obj
e:\my\gis\extlibs\zlib\contrib\vstudio\vc10\x64\zlibdlldebug\tmp\gzread.obj
e:\my\gis\extlibs\zlib\contrib\vstudio\vc10\x64\zlibdlldebug\tmp\gzlib.obj
e:\my\gis\extlibs\zlib\contrib\vstudio\vc10\x64\zlibdlldebug\tmp\gzclose.obj
e:\my\gis\extlibs\zlib\contrib\vstudio\vc10\x64\zlibdlldebug\tmp\deflate.obj
e:\my\gis\extlibs\zlib\contrib\vstudio\vc10\x64\zlibdlldebug\tmp\crc32.obj
e:\my\gis\extlibs\zlib\contrib\vstudio\vc10\x64\zlibdlldebug\tmp\compress.obj
e:\my\gis\extlibs\zlib\contrib\vstudio\vc10\x64\zlibdlldebug\tmp\adler32.obj
e:\my\gis\extlibs\bin\debug-x64\zlibwapi.lib
e:\my\gis\extlibs\zlib\contrib\vstudio\vc10\x64\zlibdlldebug\tmp\zlib.res
e:\my\gis\extlibs\\bin\debug-x64\zlibwapi.lib
e:\my\gis\extlibs\zlib\contrib\vstudio\vc10\x64\zlibdlldebug\tmp\zlib.tlog\cl.command.1.tlog
e:\my\gis\extlibs\zlib\contrib\vstudio\vc10\x64\zlibdlldebug\tmp\zlib.tlog\cl.read.1.tlog
e:\my\gis\extlibs\zlib\contrib\vstudio\vc10\x64\zlibdlldebug\tmp\zlib.tlog\cl.write.1.tlog
e:\my\gis\extlibs\zlib\contrib\vstudio\vc10\x64\zlibdlldebug\tmp\zlib.tlog\lib-link-cvtres.read.1.tlog
e:\my\gis\extlibs\zlib\contrib\vstudio\vc10\x64\zlibdlldebug\tmp\zlib.tlog\lib-link-cvtres.write.1.tlog
e:\my\gis\extlibs\zlib\contrib\vstudio\vc10\x64\zlibdlldebug\tmp\zlib.tlog\lib.command.1.tlog
e:\my\gis\extlibs\zlib\contrib\vstudio\vc10\x64\zlibdlldebug\tmp\zlib.tlog\rc.command.1.tlog
e:\my\gis\extlibs\zlib\contrib\vstudio\vc10\x64\zlibdlldebug\tmp\zlib.tlog\rc.read.1.tlog
e:\my\gis\extlibs\zlib\contrib\vstudio\vc10\x64\zlibdlldebug\tmp\zlib.tlog\rc.write.1.tlog
