C:\MY\GIS\EXTLIBS\LIBXML2\LIB\X64\LIBXML.LIB
C:\MY\GIS\EXTLIBS\LIBXML2\TMP\LIBXML\RELEASE-X64\C14N.OBJ
C:\MY\GIS\EXTLIBS\LIBXML2\TMP\LIBXML\RELEASE-X64\CATALOG.OBJ
C:\MY\GIS\EXTLIBS\LIBXML2\TMP\LIBXML\RELEASE-X64\CHVALID.OBJ
C:\my\GIS\extLibs\libxml2\tmp\libxml\Release-x64\cl.command.1.tlog
C:\my\GIS\extLibs\libxml2\tmp\libxml\Release-x64\CL.read.1.tlog
C:\my\GIS\extLibs\libxml2\tmp\libxml\Release-x64\CL.write.1.tlog
C:\MY\GIS\EXTLIBS\LIBXML2\TMP\LIBXML\RELEASE-X64\DEBUGXML.OBJ
C:\MY\GIS\EXTLIBS\LIBXML2\TMP\LIBXML\RELEASE-X64\DICT.OBJ
C:\MY\GIS\EXTLIBS\LIBXML2\TMP\LIBXML\RELEASE-X64\DOCBPARSER.OBJ
C:\MY\GIS\EXTLIBS\LIBXML2\TMP\LIBXML\RELEASE-X64\ENCODING.OBJ
C:\MY\GIS\EXTLIBS\LIBXML2\TMP\LIBXML\RELEASE-X64\ENTITIES.OBJ
C:\MY\GIS\EXTLIBS\LIBXML2\TMP\LIBXML\RELEASE-X64\ERROR.OBJ
C:\MY\GIS\EXTLIBS\LIBXML2\TMP\LIBXML\RELEASE-X64\GLOBALS.OBJ
C:\MY\GIS\EXTLIBS\LIBXML2\TMP\LIBXML\RELEASE-X64\HASH.OBJ
C:\MY\GIS\EXTLIBS\LIBXML2\TMP\LIBXML\RELEASE-X64\HTMLPARSER.OBJ
C:\MY\GIS\EXTLIBS\LIBXML2\TMP\LIBXML\RELEASE-X64\HTMLTREE.OBJ
C:\MY\GIS\EXTLIBS\LIBXML2\TMP\LIBXML\RELEASE-X64\LEGACY.OBJ
C:\my\GIS\extLibs\libxml2\tmp\libxml\Release-x64\lib.command.1.tlog
C:\my\GIS\extLibs\libxml2\tmp\libxml\Release-x64\Lib-link.read.1.tlog
C:\my\GIS\extLibs\libxml2\tmp\libxml\Release-x64\Lib-link.write.1.tlog
C:\my\GIS\extLibs\libxml2\tmp\libxml\Release-x64\libxml.dll.intermediate.manifest
C:\my\GIS\extLibs\libxml2\tmp\libxml\Release-x64\libxml.exp
C:\my\GIS\extLibs\libxml2\tmp\libxml\Release-x64\libxml.write.1.tlog
C:\my\GIS\extLibs\libxml2\tmp\libxml\Release-x64\link.command.1.tlog
C:\my\GIS\extLibs\libxml2\tmp\libxml\Release-x64\link.read.1.tlog
C:\my\GIS\extLibs\libxml2\tmp\libxml\Release-x64\link.write.1.tlog
C:\MY\GIS\EXTLIBS\LIBXML2\TMP\LIBXML\RELEASE-X64\LIST.OBJ
C:\MY\GIS\EXTLIBS\LIBXML2\TMP\LIBXML\RELEASE-X64\NANOFTP.OBJ
C:\MY\GIS\EXTLIBS\LIBXML2\TMP\LIBXML\RELEASE-X64\NANOHTTP.OBJ
C:\MY\GIS\EXTLIBS\LIBXML2\TMP\LIBXML\RELEASE-X64\PARSER.OBJ
C:\MY\GIS\EXTLIBS\LIBXML2\TMP\LIBXML\RELEASE-X64\PARSERINTERNALS.OBJ
C:\MY\GIS\EXTLIBS\LIBXML2\TMP\LIBXML\RELEASE-X64\PATTERN.OBJ
C:\MY\GIS\EXTLIBS\LIBXML2\TMP\LIBXML\RELEASE-X64\RELAXNG.OBJ
C:\MY\GIS\EXTLIBS\LIBXML2\TMP\LIBXML\RELEASE-X64\SAX.OBJ
C:\MY\GIS\EXTLIBS\LIBXML2\TMP\LIBXML\RELEASE-X64\SAX2.OBJ
C:\MY\GIS\EXTLIBS\LIBXML2\TMP\LIBXML\RELEASE-X64\SCHEMATRON.OBJ
C:\MY\GIS\EXTLIBS\LIBXML2\TMP\LIBXML\RELEASE-X64\THREADS.OBJ
C:\MY\GIS\EXTLIBS\LIBXML2\TMP\LIBXML\RELEASE-X64\TREE.OBJ
C:\MY\GIS\EXTLIBS\LIBXML2\TMP\LIBXML\RELEASE-X64\URI.OBJ
C:\MY\GIS\EXTLIBS\LIBXML2\TMP\LIBXML\RELEASE-X64\VALID.OBJ
C:\MY\GIS\EXTLIBS\LIBXML2\TMP\LIBXML\RELEASE-X64\XINCLUDE.OBJ
C:\MY\GIS\EXTLIBS\LIBXML2\TMP\LIBXML\RELEASE-X64\XLINK.OBJ
C:\MY\GIS\EXTLIBS\LIBXML2\TMP\LIBXML\RELEASE-X64\XMLIO.OBJ
C:\MY\GIS\EXTLIBS\LIBXML2\TMP\LIBXML\RELEASE-X64\XMLMEMORY.OBJ
C:\MY\GIS\EXTLIBS\LIBXML2\TMP\LIBXML\RELEASE-X64\XMLMODULE.OBJ
C:\MY\GIS\EXTLIBS\LIBXML2\TMP\LIBXML\RELEASE-X64\XMLREADER.OBJ
C:\MY\GIS\EXTLIBS\LIBXML2\TMP\LIBXML\RELEASE-X64\XMLREGEXP.OBJ
C:\MY\GIS\EXTLIBS\LIBXML2\TMP\LIBXML\RELEASE-X64\XMLSAVE.OBJ
C:\MY\GIS\EXTLIBS\LIBXML2\TMP\LIBXML\RELEASE-X64\XMLSCHEMAS.OBJ
C:\MY\GIS\EXTLIBS\LIBXML2\TMP\LIBXML\RELEASE-X64\XMLSCHEMASTYPES.OBJ
C:\MY\GIS\EXTLIBS\LIBXML2\TMP\LIBXML\RELEASE-X64\XMLSTRING.OBJ
C:\MY\GIS\EXTLIBS\LIBXML2\TMP\LIBXML\RELEASE-X64\XMLUNICODE.OBJ
C:\MY\GIS\EXTLIBS\LIBXML2\TMP\LIBXML\RELEASE-X64\XMLWRITER.OBJ
C:\MY\GIS\EXTLIBS\LIBXML2\TMP\LIBXML\RELEASE-X64\XPATH.OBJ
C:\MY\GIS\EXTLIBS\LIBXML2\TMP\LIBXML\RELEASE-X64\XPOINTER.OBJ
