c:\my\mkrproj\extlibs\protobuf-master\cmake\build\solution\libprotobuf.dir\debug\arena.obj
c:\my\mkrproj\extlibs\protobuf-master\cmake\build\solution\libprotobuf.dir\debug\extension_set.obj
c:\my\mkrproj\extlibs\protobuf-master\cmake\build\solution\libprotobuf.dir\debug\generated_message_util.obj
c:\my\mkrproj\extlibs\protobuf-master\cmake\build\solution\libprotobuf.dir\debug\coded_stream.obj
c:\my\mkrproj\extlibs\protobuf-master\cmake\build\solution\libprotobuf.dir\debug\zero_copy_stream_impl_lite.obj
c:\my\mkrproj\extlibs\protobuf-master\cmake\build\solution\libprotobuf.dir\debug\message_lite.obj
c:\my\mkrproj\extlibs\protobuf-master\cmake\build\solution\libprotobuf.dir\debug\repeated_field.obj
c:\my\mkrproj\extlibs\protobuf-master\cmake\build\solution\libprotobuf.dir\debug\atomicops_internals_x86_msvc.obj
c:\my\mkrproj\extlibs\protobuf-master\cmake\build\solution\libprotobuf.dir\debug\int128.obj
c:\my\mkrproj\extlibs\protobuf-master\cmake\build\solution\libprotobuf.dir\debug\status.obj
c:\my\mkrproj\extlibs\protobuf-master\cmake\build\solution\libprotobuf.dir\debug\stringpiece.obj
c:\my\mkrproj\extlibs\protobuf-master\cmake\build\solution\libprotobuf.dir\debug\structurally_valid.obj
c:\my\mkrproj\extlibs\protobuf-master\cmake\build\solution\libprotobuf.dir\debug\time.obj
c:\my\mkrproj\extlibs\protobuf-master\cmake\build\solution\libprotobuf.dir\debug\any.obj
c:\my\mkrproj\extlibs\protobuf-master\cmake\build\solution\libprotobuf.dir\debug\api.pb.obj
c:\my\mkrproj\extlibs\protobuf-master\cmake\build\solution\libprotobuf.dir\debug\parser.obj
c:\my\mkrproj\extlibs\protobuf-master\cmake\build\solution\libprotobuf.dir\debug\descriptor.pb.obj
c:\my\mkrproj\extlibs\protobuf-master\cmake\build\solution\libprotobuf.dir\debug\descriptor_database.obj
c:\my\mkrproj\extlibs\protobuf-master\cmake\build\solution\libprotobuf.dir\debug\duration.pb.obj
c:\my\mkrproj\extlibs\protobuf-master\cmake\build\solution\libprotobuf.dir\debug\empty.pb.obj
c:\my\mkrproj\extlibs\protobuf-master\cmake\build\solution\libprotobuf.dir\debug\field_mask.pb.obj
c:\my\mkrproj\extlibs\protobuf-master\cmake\build\solution\libprotobuf.dir\debug\gzip_stream.obj
c:\my\mkrproj\extlibs\protobuf-master\cmake\build\solution\libprotobuf.dir\debug\printer.obj
c:\my\mkrproj\extlibs\protobuf-master\cmake\build\solution\libprotobuf.dir\debug\strtod.obj
c:\my\mkrproj\extlibs\protobuf-master\cmake\build\solution\libprotobuf.dir\debug\zero_copy_stream_impl.obj
c:\my\mkrproj\extlibs\protobuf-master\cmake\build\solution\libprotobuf.dir\debug\message.obj
c:\my\mkrproj\extlibs\protobuf-master\cmake\build\solution\libprotobuf.dir\debug\service.obj
c:\my\mkrproj\extlibs\protobuf-master\cmake\build\solution\libprotobuf.dir\debug\struct.pb.obj
c:\my\mkrproj\extlibs\protobuf-master\cmake\build\solution\libprotobuf.dir\debug\text_format.obj
c:\my\mkrproj\extlibs\protobuf-master\cmake\build\solution\libprotobuf.dir\debug\unknown_field_set.obj
c:\my\mkrproj\extlibs\protobuf-master\cmake\build\solution\libprotobuf.dir\debug\field_comparator.obj
c:\my\mkrproj\extlibs\protobuf-master\cmake\build\solution\libprotobuf.dir\debug\datapiece.obj
c:\my\mkrproj\extlibs\protobuf-master\cmake\build\solution\libprotobuf.dir\debug\field_mask_utility.obj
c:\my\mkrproj\extlibs\protobuf-master\cmake\build\solution\libprotobuf.dir\debug\json_objectwriter.obj
c:\my\mkrproj\extlibs\protobuf-master\cmake\build\solution\libprotobuf.dir\debug\object_writer.obj
c:\my\mkrproj\extlibs\protobuf-master\cmake\build\solution\libprotobuf.dir\debug\protostream_objectsource.obj
c:\my\mkrproj\extlibs\protobuf-master\cmake\build\solution\libprotobuf.dir\debug\type_info.obj
c:\my\mkrproj\extlibs\protobuf-master\cmake\build\solution\libprotobuf.dir\debug\utility.obj
c:\my\mkrproj\extlibs\protobuf-master\cmake\build\solution\libprotobuf.dir\debug\message_differencer.obj
c:\my\mkrproj\extlibs\protobuf-master\cmake\build\solution\libprotobuf.dir\debug\type_resolver_util.obj
c:\my\mkrproj\extlibs\protobuf-master\cmake\build\solution\libprotobuf.dir\debug\wrappers.pb.obj
c:\my\mkrproj\extlibs\protobuf-master\cmake\build\solution\libprotobuf.dir\debug\arenastring.obj
c:\my\mkrproj\extlibs\protobuf-master\cmake\build\solution\libprotobuf.dir\debug\zero_copy_stream.obj
c:\my\mkrproj\extlibs\protobuf-master\cmake\build\solution\libprotobuf.dir\debug\atomicops_internals_x86_gcc.obj
c:\my\mkrproj\extlibs\protobuf-master\cmake\build\solution\libprotobuf.dir\debug\bytestream.obj
c:\my\mkrproj\extlibs\protobuf-master\cmake\build\solution\libprotobuf.dir\debug\common.obj
c:\my\mkrproj\extlibs\protobuf-master\cmake\build\solution\libprotobuf.dir\debug\once.obj
c:\my\mkrproj\extlibs\protobuf-master\cmake\build\solution\libprotobuf.dir\debug\statusor.obj
c:\my\mkrproj\extlibs\protobuf-master\cmake\build\solution\libprotobuf.dir\debug\stringprintf.obj
c:\my\mkrproj\extlibs\protobuf-master\cmake\build\solution\libprotobuf.dir\debug\strutil.obj
c:\my\mkrproj\extlibs\protobuf-master\cmake\build\solution\libprotobuf.dir\debug\wire_format_lite.obj
c:\my\mkrproj\extlibs\protobuf-master\cmake\build\solution\libprotobuf.dir\debug\any.pb.obj
c:\my\mkrproj\extlibs\protobuf-master\cmake\build\solution\libprotobuf.dir\debug\importer.obj
c:\my\mkrproj\extlibs\protobuf-master\cmake\build\solution\libprotobuf.dir\debug\descriptor.obj
c:\my\mkrproj\extlibs\protobuf-master\cmake\build\solution\libprotobuf.dir\debug\dynamic_message.obj
c:\my\mkrproj\extlibs\protobuf-master\cmake\build\solution\libprotobuf.dir\debug\extension_set_heavy.obj
c:\my\mkrproj\extlibs\protobuf-master\cmake\build\solution\libprotobuf.dir\debug\generated_message_reflection.obj
c:\my\mkrproj\extlibs\protobuf-master\cmake\build\solution\libprotobuf.dir\debug\tokenizer.obj
c:\my\mkrproj\extlibs\protobuf-master\cmake\build\solution\libprotobuf.dir\debug\map_field.obj
c:\my\mkrproj\extlibs\protobuf-master\cmake\build\solution\libprotobuf.dir\debug\reflection_ops.obj
c:\my\mkrproj\extlibs\protobuf-master\cmake\build\solution\libprotobuf.dir\debug\source_context.pb.obj
c:\my\mkrproj\extlibs\protobuf-master\cmake\build\solution\libprotobuf.dir\debug\mathlimits.obj
c:\my\mkrproj\extlibs\protobuf-master\cmake\build\solution\libprotobuf.dir\debug\substitute.obj
c:\my\mkrproj\extlibs\protobuf-master\cmake\build\solution\libprotobuf.dir\debug\timestamp.pb.obj
c:\my\mkrproj\extlibs\protobuf-master\cmake\build\solution\libprotobuf.dir\debug\type.pb.obj
c:\my\mkrproj\extlibs\protobuf-master\cmake\build\solution\libprotobuf.dir\debug\field_mask_util.obj
c:\my\mkrproj\extlibs\protobuf-master\cmake\build\solution\libprotobuf.dir\debug\default_value_objectwriter.obj
c:\my\mkrproj\extlibs\protobuf-master\cmake\build\solution\libprotobuf.dir\debug\error_listener.obj
c:\my\mkrproj\extlibs\protobuf-master\cmake\build\solution\libprotobuf.dir\debug\json_escaping.obj
c:\my\mkrproj\extlibs\protobuf-master\cmake\build\solution\libprotobuf.dir\debug\json_stream_parser.obj
c:\my\mkrproj\extlibs\protobuf-master\cmake\build\solution\libprotobuf.dir\debug\proto_writer.obj
c:\my\mkrproj\extlibs\protobuf-master\cmake\build\solution\libprotobuf.dir\debug\protostream_objectwriter.obj
c:\my\mkrproj\extlibs\protobuf-master\cmake\build\solution\libprotobuf.dir\debug\type_info_test_helper.obj
c:\my\mkrproj\extlibs\protobuf-master\cmake\build\solution\libprotobuf.dir\debug\json_util.obj
c:\my\mkrproj\extlibs\protobuf-master\cmake\build\solution\libprotobuf.dir\debug\time_util.obj
c:\my\mkrproj\extlibs\protobuf-master\cmake\build\solution\libprotobuf.dir\debug\wire_format.obj
c:\my\mkrproj\extlibs\protobuf-master\cmake\build\solution\libprotobuf.dir\debug\libprotobuf.pdb
c:\my\mkrproj\extlibs\protobuf-master\cmake\build\solution\cmakefiles\generate.stamp
c:\my\mkrproj\extlibs\protobuf-master\cmake\build\solution\debug\libprotobufd.lib
c:\my\mkrproj\extlibs\protobuf-master\cmake\build\solution\libprotobuf.dir\debug\libprotobuf.tlog\cl.command.1.tlog
c:\my\mkrproj\extlibs\protobuf-master\cmake\build\solution\libprotobuf.dir\debug\libprotobuf.tlog\cl.read.1.tlog
c:\my\mkrproj\extlibs\protobuf-master\cmake\build\solution\libprotobuf.dir\debug\libprotobuf.tlog\cl.write.1.tlog
c:\my\mkrproj\extlibs\protobuf-master\cmake\build\solution\libprotobuf.dir\debug\libprotobuf.tlog\custombuild.command.1.tlog
c:\my\mkrproj\extlibs\protobuf-master\cmake\build\solution\libprotobuf.dir\debug\libprotobuf.tlog\custombuild.read.1.tlog
c:\my\mkrproj\extlibs\protobuf-master\cmake\build\solution\libprotobuf.dir\debug\libprotobuf.tlog\custombuild.write.1.tlog
c:\my\mkrproj\extlibs\protobuf-master\cmake\build\solution\libprotobuf.dir\debug\libprotobuf.tlog\lib-link.read.1.tlog
c:\my\mkrproj\extlibs\protobuf-master\cmake\build\solution\libprotobuf.dir\debug\libprotobuf.tlog\lib-link.write.1.tlog
c:\my\mkrproj\extlibs\protobuf-master\cmake\build\solution\libprotobuf.dir\debug\libprotobuf.tlog\lib.command.1.tlog
