C:\MY\FCNAVIGATION\FCNAV-KERNEL-MVS\VCPROJECTS\ANGLEPROJECT\SRC\LIBGLESV2\RELEASE\BLIT.OBJ
C:\MY\FCNAVIGATION\FCNAV-KERNEL-MVS\VCPROJECTS\ANGLEPROJECT\SRC\LIBGLESV2\RELEASE\BUFFER.OBJ
C:\my\FCNavigation\FCNav-kernel-mvs\VCProjects\angleproject\src\libGLESv2\Release\cl.command.1.tlog
C:\my\FCNavigation\FCNav-kernel-mvs\VCProjects\angleproject\src\libGLESv2\Release\CL.read.1.tlog
C:\my\FCNavigation\FCNav-kernel-mvs\VCProjects\angleproject\src\libGLESv2\Release\CL.write.1.tlog
C:\MY\FCNAVIGATION\FCNAV-KERNEL-MVS\VCPROJECTS\ANGLEPROJECT\SRC\LIBGLESV2\RELEASE\CONTEXT.OBJ
C:\MY\FCNAVIGATION\FCNAV-KERNEL-MVS\VCPROJECTS\ANGLEPROJECT\SRC\LIBGLESV2\RELEASE\DEBUG.OBJ
C:\MY\FCNAVIGATION\FCNAV-KERNEL-MVS\VCPROJECTS\ANGLEPROJECT\SRC\LIBGLESV2\RELEASE\FENCE.OBJ
C:\MY\FCNAVIGATION\FCNAV-KERNEL-MVS\VCPROJECTS\ANGLEPROJECT\SRC\LIBGLESV2\RELEASE\FRAMEBUFFER.OBJ
C:\MY\FCNAVIGATION\FCNAV-KERNEL-MVS\VCPROJECTS\ANGLEPROJECT\SRC\LIBGLESV2\RELEASE\HANDLEALLOCATOR.OBJ
C:\MY\FCNAVIGATION\FCNAV-KERNEL-MVS\VCPROJECTS\ANGLEPROJECT\SRC\LIBGLESV2\RELEASE\INDEXDATAMANAGER.OBJ
C:\MY\FCNAVIGATION\FCNAV-KERNEL-MVS\VCPROJECTS\ANGLEPROJECT\SRC\LIBGLESV2\RELEASE\LIBGLESV2.DLL.INTERMEDIATE.MANIFEST
C:\MY\FCNAVIGATION\FCNAV-KERNEL-MVS\VCPROJECTS\ANGLEPROJECT\SRC\LIBGLESV2\RELEASE\LIBGLESV2.OBJ
C:\MY\FCNAVIGATION\FCNAV-KERNEL-MVS\VCPROJECTS\ANGLEPROJECT\SRC\LIBGLESV2\RELEASE\LIBGLESV2.RES
C:\my\FCNavigation\FCNav-kernel-mvs\VCProjects\angleproject\src\libGLESv2\Release\libGLESv2.write.1.tlog
C:\my\FCNavigation\FCNav-kernel-mvs\VCProjects\angleproject\src\libGLESv2\Release\link.command.1.tlog
C:\my\FCNavigation\FCNav-kernel-mvs\VCProjects\angleproject\src\libGLESv2\Release\link.read.1.tlog
C:\my\FCNavigation\FCNav-kernel-mvs\VCProjects\angleproject\src\libGLESv2\Release\link.write.1.tlog
C:\my\FCNavigation\FCNav-kernel-mvs\VCProjects\angleproject\src\libGLESv2\Release\link-cvtres.read.1.tlog
C:\my\FCNavigation\FCNav-kernel-mvs\VCProjects\angleproject\src\libGLESv2\Release\link-cvtres.write.1.tlog
C:\MY\FCNAVIGATION\FCNAV-KERNEL-MVS\VCPROJECTS\ANGLEPROJECT\SRC\LIBGLESV2\RELEASE\MAIN.OBJ
C:\my\FCNavigation\FCNav-kernel-mvs\VCProjects\angleproject\src\libGLESv2\Release\mt.command.1.tlog
C:\my\FCNavigation\FCNav-kernel-mvs\VCProjects\angleproject\src\libGLESv2\Release\mt.read.1.tlog
C:\my\FCNavigation\FCNav-kernel-mvs\VCProjects\angleproject\src\libGLESv2\Release\mt.write.1.tlog
C:\MY\FCNAVIGATION\FCNAV-KERNEL-MVS\VCPROJECTS\ANGLEPROJECT\SRC\LIBGLESV2\RELEASE\PROGRAM.OBJ
C:\MY\FCNAVIGATION\FCNAV-KERNEL-MVS\VCPROJECTS\ANGLEPROJECT\SRC\LIBGLESV2\RELEASE\PROGRAMBINARY.OBJ
C:\MY\FCNAVIGATION\FCNAV-KERNEL-MVS\VCPROJECTS\ANGLEPROJECT\SRC\LIBGLESV2\RELEASE\QUERY.OBJ
C:\my\FCNavigation\FCNav-kernel-mvs\VCProjects\angleproject\src\libGLESv2\Release\rc.command.1.tlog
C:\my\FCNavigation\FCNav-kernel-mvs\VCProjects\angleproject\src\libGLESv2\Release\rc.read.1.tlog
C:\my\FCNavigation\FCNav-kernel-mvs\VCProjects\angleproject\src\libGLESv2\Release\rc.write.1.tlog
C:\MY\FCNAVIGATION\FCNAV-KERNEL-MVS\VCPROJECTS\ANGLEPROJECT\SRC\LIBGLESV2\RELEASE\REFCOUNTOBJECT.OBJ
C:\MY\FCNAVIGATION\FCNAV-KERNEL-MVS\VCPROJECTS\ANGLEPROJECT\SRC\LIBGLESV2\RELEASE\RENDERBUFFER.OBJ
C:\MY\FCNAVIGATION\FCNAV-KERNEL-MVS\VCPROJECTS\ANGLEPROJECT\SRC\LIBGLESV2\RELEASE\RESOURCEMANAGER.OBJ
C:\MY\FCNAVIGATION\FCNAV-KERNEL-MVS\VCPROJECTS\ANGLEPROJECT\SRC\LIBGLESV2\RELEASE\SHADER.OBJ
C:\MY\FCNAVIGATION\FCNAV-KERNEL-MVS\VCPROJECTS\ANGLEPROJECT\SRC\LIBGLESV2\RELEASE\TEXTURE.OBJ
C:\MY\FCNAVIGATION\FCNAV-KERNEL-MVS\VCPROJECTS\ANGLEPROJECT\SRC\LIBGLESV2\RELEASE\UTILITIES.OBJ
C:\MY\FCNAVIGATION\FCNAV-KERNEL-MVS\VCPROJECTS\ANGLEPROJECT\SRC\LIBGLESV2\RELEASE\VC100.PDB
C:\MY\FCNAVIGATION\FCNAV-KERNEL-MVS\VCPROJECTS\ANGLEPROJECT\SRC\LIBGLESV2\RELEASE\VERTEXDATAMANAGER.OBJ
C:\MY\FCNAVIGATION\FCNAV-KERNEL-MVS\VCPROJECTS\ANGLEPROJECT\SRC\RELEASE\LIBGLESV2.DLL
C:\my\FCNavigation\FCNav-kernel-mvs\VCProjects\angleproject\src\Release\libGLESv2.exp
C:\my\FCNavigation\FCNav-kernel-mvs\VCProjects\angleproject\src\Release\libGLESv2.lib
C:\MY\FCNAVIGATION\FCNAV-KERNEL-MVS\VCPROJECTS\ANGLEPROJECT\SRC\RELEASE\LIBGLESV2.PDB
