Build started 11/7/2015 8:33:29 PM.
     1>Project "C:\My\projects\CPP\Mkr_Mobile_Uni\UniDriver\SharedCode\SQLiteLib.Android\SQLiteLib.Android.vcxproj" on node 2 (Build target(s)).
     1>SetBuildDefaultEnvironmentVariables:
         ANDROID_HOME=C:\Android\android-sdk
         ANT_HOME=C:\Program Files (x86)\Microsoft Visual Studio 14.0\Apps\apache-ant-1.9.3\
         JAVA_HOME=C:\Program Files (x86)\Java\jdk1.7.0_45
         NDK_ROOT=C:\ProgramData\Microsoft\AndroidNDK\android-ndk-r10e\
       ClCompile:
         C:\ProgramData\Microsoft\AndroidNDK\android-ndk-r10e\toolchains\llvm-3.6\prebuilt\windows\bin\clang.exe -c -fdiagnostics-format=msvc -gcc-toolchain "C:\ProgramData\Microsoft\AndroidNDK\android-ndk-r10e\\toolchains\arm-linux-androideabi-4.9\prebuilt\windows" -target "armv7-none-linux-androideabi" --sysroot="C:\ProgramData\Microsoft\AndroidNDK\android-ndk-r10e\\platforms\android-19\arch-arm" -I C:\My\projects\CPP\Mkr_Mobile_Uni\UniDriver\SharedCode\SQLiteWrapper\inc -I "C:\ProgramData\Microsoft\AndroidNDK\android-ndk-r10e\\platforms\android-19\arch-arm\usr\include" -I "C:\ProgramData\Microsoft\AndroidNDK\android-ndk-r10e\\sources\cxx-stl\gnu-libstdc++\4.9\include" -I "C:\ProgramData\Microsoft\AndroidNDK\android-ndk-r10e\\sources\cxx-stl\gnu-libstdc++\4.9\libs\armeabi-v7a\include" -I "C:\ProgramData\Microsoft\AndroidNDK\android-ndk-r10e\\sources\cxx-stl\gnu-libstdc++\4.9\include\backward" -I "C:\ProgramData\Microsoft\AndroidNDK\android-ndk-r10e\\toolchains\llvm-3.6\prebuilt\windows\lib\clang\3.6\include" -gline-tables-only -o "ARM\Release\KompexSQLiteBlob.o" -Wall -O3 -fno-strict-aliasing -mthumb -fomit-frame-pointer -fexceptions -ffunction-sections -fdata-sections -mfloat-abi=softfp -fstack-protector -fpic -fno-short-enums -fno-rtti -std=c++11 -D NDEBUG -x c++ ..\SQLiteWrapper\src\KompexSQLiteBlob.cpp
         KompexSQLiteBlob.cpp
         C:\ProgramData\Microsoft\AndroidNDK\android-ndk-r10e\toolchains\llvm-3.6\prebuilt\windows\bin\clang.exe -c -fdiagnostics-format=msvc -gcc-toolchain "C:\ProgramData\Microsoft\AndroidNDK\android-ndk-r10e\\toolchains\arm-linux-androideabi-4.9\prebuilt\windows" -target "armv7-none-linux-androideabi" --sysroot="C:\ProgramData\Microsoft\AndroidNDK\android-ndk-r10e\\platforms\android-19\arch-arm" -I C:\My\projects\CPP\Mkr_Mobile_Uni\UniDriver\SharedCode\SQLiteWrapper\inc -I "C:\ProgramData\Microsoft\AndroidNDK\android-ndk-r10e\\platforms\android-19\arch-arm\usr\include" -I "C:\ProgramData\Microsoft\AndroidNDK\android-ndk-r10e\\sources\cxx-stl\gnu-libstdc++\4.9\include" -I "C:\ProgramData\Microsoft\AndroidNDK\android-ndk-r10e\\sources\cxx-stl\gnu-libstdc++\4.9\libs\armeabi-v7a\include" -I "C:\ProgramData\Microsoft\AndroidNDK\android-ndk-r10e\\sources\cxx-stl\gnu-libstdc++\4.9\include\backward" -I "C:\ProgramData\Microsoft\AndroidNDK\android-ndk-r10e\\toolchains\llvm-3.6\prebuilt\windows\lib\clang\3.6\include" -gline-tables-only -o "ARM\Release\KompexSQLiteDatabase.o" -Wall -O3 -fno-strict-aliasing -mthumb -fomit-frame-pointer -fexceptions -ffunction-sections -fdata-sections -mfloat-abi=softfp -fstack-protector -fpic -fno-short-enums -fno-rtti -std=c++11 -D NDEBUG -x c++ ..\SQLiteWrapper\src\KompexSQLiteDatabase.cpp
         KompexSQLiteDatabase.cpp
     1>..\SQLiteWrapper\src\KompexSQLiteDatabase.cpp(30,2): warning : field 'mIsMemoryDatabaseActive' will be initialized after field 'mDatabaseFilenameUtf8' [-Wreorder]
                 mIsMemoryDatabaseActive(false),
                 ^
         1 warning generated.
         C:\ProgramData\Microsoft\AndroidNDK\android-ndk-r10e\toolchains\llvm-3.6\prebuilt\windows\bin\clang.exe -c -fdiagnostics-format=msvc -gcc-toolchain "C:\ProgramData\Microsoft\AndroidNDK\android-ndk-r10e\\toolchains\arm-linux-androideabi-4.9\prebuilt\windows" -target "armv7-none-linux-androideabi" --sysroot="C:\ProgramData\Microsoft\AndroidNDK\android-ndk-r10e\\platforms\android-19\arch-arm" -I C:\My\projects\CPP\Mkr_Mobile_Uni\UniDriver\SharedCode\SQLiteWrapper\inc -I "C:\ProgramData\Microsoft\AndroidNDK\android-ndk-r10e\\platforms\android-19\arch-arm\usr\include" -I "C:\ProgramData\Microsoft\AndroidNDK\android-ndk-r10e\\sources\cxx-stl\gnu-libstdc++\4.9\include" -I "C:\ProgramData\Microsoft\AndroidNDK\android-ndk-r10e\\sources\cxx-stl\gnu-libstdc++\4.9\libs\armeabi-v7a\include" -I "C:\ProgramData\Microsoft\AndroidNDK\android-ndk-r10e\\sources\cxx-stl\gnu-libstdc++\4.9\include\backward" -I "C:\ProgramData\Microsoft\AndroidNDK\android-ndk-r10e\\toolchains\llvm-3.6\prebuilt\windows\lib\clang\3.6\include" -gline-tables-only -o "ARM\Release\KompexSQLiteStatement.o" -Wall -O3 -fno-strict-aliasing -mthumb -fomit-frame-pointer -fexceptions -ffunction-sections -fdata-sections -mfloat-abi=softfp -fstack-protector -fpic -fno-short-enums -fno-rtti -std=c++11 -D NDEBUG -x c++ ..\SQLiteWrapper\src\KompexSQLiteStatement.cpp
         KompexSQLiteStatement.cpp
     1>..\SQLiteWrapper\src\KompexSQLiteStatement.cpp(33,2): warning : field 'mDatabase' will be initialized after field 'mStatement' [-Wreorder]
                 mDatabase(db),
                 ^
         1 warning generated.
         C:\ProgramData\Microsoft\AndroidNDK\android-ndk-r10e\toolchains\llvm-3.6\prebuilt\windows\bin\clang.exe -c -fdiagnostics-format=msvc -gcc-toolchain "C:\ProgramData\Microsoft\AndroidNDK\android-ndk-r10e\\toolchains\arm-linux-androideabi-4.9\prebuilt\windows" -target "armv7-none-linux-androideabi" --sysroot="C:\ProgramData\Microsoft\AndroidNDK\android-ndk-r10e\\platforms\android-19\arch-arm" -I C:\My\projects\CPP\Mkr_Mobile_Uni\UniDriver\SharedCode\SQLiteWrapper\inc -I "C:\ProgramData\Microsoft\AndroidNDK\android-ndk-r10e\\platforms\android-19\arch-arm\usr\include" -I "C:\ProgramData\Microsoft\AndroidNDK\android-ndk-r10e\\sources\cxx-stl\gnu-libstdc++\4.9\include" -I "C:\ProgramData\Microsoft\AndroidNDK\android-ndk-r10e\\sources\cxx-stl\gnu-libstdc++\4.9\libs\armeabi-v7a\include" -I "C:\ProgramData\Microsoft\AndroidNDK\android-ndk-r10e\\sources\cxx-stl\gnu-libstdc++\4.9\include\backward" -I "C:\ProgramData\Microsoft\AndroidNDK\android-ndk-r10e\\toolchains\llvm-3.6\prebuilt\windows\lib\clang\3.6\include" -gline-tables-only -o "ARM\Release\sqlite3.o" -Wall -O3 -fno-strict-aliasing -mthumb -fomit-frame-pointer -fexceptions -ffunction-sections -fdata-sections -mfloat-abi=softfp -fstack-protector -fpic -fno-short-enums -fno-rtti -std=c11 -D NDEBUG -x c ..\SQLiteWrapper\src\sqlite3.c
         sqlite3.c
       Lib:
         C:\ProgramData\Microsoft\AndroidNDK\android-ndk-r10e\toolchains\arm-linux-androideabi-4.9\prebuilt\windows\bin\arm-linux-androideabi-ar.exe -rs  "C:\\My\\projects\\CPP\\Mkr_Mobile_Uni\\UniDriver\\ARM\\Release\\libSQLiteLib_Android.a" ARM\\Release\\KompexSQLiteBlob.o ARM\\Release\\KompexSQLiteDatabase.o ARM\\Release\\KompexSQLiteStatement.o ARM\\Release\\sqlite3.o
         C:\ProgramData\Microsoft\AndroidNDK\android-ndk-r10e\toolchains\arm-linux-androideabi-4.9\prebuilt\windows\bin\arm-linux-androideabi-ar.exe: creating C:\My\projects\CPP\Mkr_Mobile_Uni\UniDriver\ARM\Release\libSQLiteLib_Android.a
         SQLiteLib.Android.vcxproj -> C:\My\projects\CPP\Mkr_Mobile_Uni\UniDriver\ARM\Release\libSQLiteLib_Android.a
     1>Done Building Project "C:\My\projects\CPP\Mkr_Mobile_Uni\UniDriver\SharedCode\SQLiteLib.Android\SQLiteLib.Android.vcxproj" (Build target(s)).

Build succeeded.

Time Elapsed 00:02:12.21
