c:\my\voip\pjproject-2.4.5\pjmedia\build\output\pjmedia_videodev--win32-vc8-debug\pjmedia_videodev.bsc
c:\mkr_proj_git\mkr_proj\newunidriver\voip\pjsip-245\pjmedia\build\output\pjmedia_videodev--win32-vc8-debug\pjmedia_videodev.bsc
c:\my\voip\pjproject-2.4.5\pjmedia\build\output\pjmedia_videodev--win32-vc8-debug\pjmedia_videodev.pdb
c:\mkr_proj_git\mkr_proj\newunidriver\voip\pjsip-245\pjmedia\build\output\pjmedia_videodev--win32-vc8-debug\pjmedia_videodev.pdb
c:\mkr_proj_git\mkr_proj\newunidriver\voip\pjsip-245\pjmedia\build\output\pjmedia_videodev--win32-vc8-debug\pjmedia_videodev.idb
c:\mkr_proj_git\mkr_proj\newunidriver\voip\pjsip-245\pjmedia\build\output\pjmedia_videodev--win32-vc8-debug\avi_dev.sbr
c:\mkr_proj_git\mkr_proj\newunidriver\voip\pjsip-245\pjmedia\build\output\pjmedia_videodev--win32-vc8-debug\colorbar_dev.sbr
c:\mkr_proj_git\mkr_proj\newunidriver\voip\pjsip-245\pjmedia\build\output\pjmedia_videodev--win32-vc8-debug\dshow_dev.sbr
c:\mkr_proj_git\mkr_proj\newunidriver\voip\pjsip-245\pjmedia\build\output\pjmedia_videodev--win32-vc8-debug\errno.sbr
c:\mkr_proj_git\mkr_proj\newunidriver\voip\pjsip-245\pjmedia\build\output\pjmedia_videodev--win32-vc8-debug\ffmpeg_dev.sbr
c:\mkr_proj_git\mkr_proj\newunidriver\voip\pjsip-245\pjmedia\build\output\pjmedia_videodev--win32-vc8-debug\sdl_dev.sbr
c:\mkr_proj_git\mkr_proj\newunidriver\voip\pjsip-245\pjmedia\build\output\pjmedia_videodev--win32-vc8-debug\videodev.sbr
c:\mkr_proj_git\mkr_proj\newunidriver\voip\pjsip-245\pjmedia\build\output\pjmedia_videodev--win32-vc8-debug\videodev.obj
c:\mkr_proj_git\mkr_proj\newunidriver\voip\pjsip-245\pjmedia\build\output\pjmedia_videodev--win32-vc8-debug\sdl_dev.obj
c:\mkr_proj_git\mkr_proj\newunidriver\voip\pjsip-245\pjmedia\build\output\pjmedia_videodev--win32-vc8-debug\ffmpeg_dev.obj
c:\mkr_proj_git\mkr_proj\newunidriver\voip\pjsip-245\pjmedia\build\output\pjmedia_videodev--win32-vc8-debug\errno.obj
c:\mkr_proj_git\mkr_proj\newunidriver\voip\pjsip-245\pjmedia\build\output\pjmedia_videodev--win32-vc8-debug\dshow_dev.obj
c:\mkr_proj_git\mkr_proj\newunidriver\voip\pjsip-245\pjmedia\build\output\pjmedia_videodev--win32-vc8-debug\colorbar_dev.obj
c:\mkr_proj_git\mkr_proj\newunidriver\voip\pjsip-245\pjmedia\build\output\pjmedia_videodev--win32-vc8-debug\avi_dev.obj
c:\mkr_proj_git\mkr_proj\newunidriver\voip\pjsip-245\pjmedia\build\output\pjmedia_videodev--win32-vc8-debug\dshowclasses.sbr
c:\mkr_proj_git\mkr_proj\newunidriver\voip\pjsip-245\pjmedia\build\output\pjmedia_videodev--win32-vc8-debug\dshowclasses.obj
c:\my\voip\pjproject-2.4.5\pjmedia\lib\pjmedia-videodev-i386-win32-vc8-debug.lib
c:\mkr_proj_git\mkr_proj\newunidriver\voip\pjsip-245\pjmedia\lib\pjmedia-videodev-i386-win32-vc8-debug.lib
c:\mkr_proj_git\mkr_proj\newunidriver\voip\pjsip-245\pjmedia\build\output\pjmedia_videodev--win32-vc8-debug\pjmedia_videodev.tlog\bscmake.command.1.tlog
c:\mkr_proj_git\mkr_proj\newunidriver\voip\pjsip-245\pjmedia\build\output\pjmedia_videodev--win32-vc8-debug\pjmedia_videodev.tlog\bscmake.read.1.tlog
c:\mkr_proj_git\mkr_proj\newunidriver\voip\pjsip-245\pjmedia\build\output\pjmedia_videodev--win32-vc8-debug\pjmedia_videodev.tlog\bscmake.write.1.tlog
c:\mkr_proj_git\mkr_proj\newunidriver\voip\pjsip-245\pjmedia\build\output\pjmedia_videodev--win32-vc8-debug\pjmedia_videodev.tlog\cl.command.1.tlog
c:\mkr_proj_git\mkr_proj\newunidriver\voip\pjsip-245\pjmedia\build\output\pjmedia_videodev--win32-vc8-debug\pjmedia_videodev.tlog\cl.read.1.tlog
c:\mkr_proj_git\mkr_proj\newunidriver\voip\pjsip-245\pjmedia\build\output\pjmedia_videodev--win32-vc8-debug\pjmedia_videodev.tlog\cl.write.1.tlog
c:\mkr_proj_git\mkr_proj\newunidriver\voip\pjsip-245\pjmedia\build\output\pjmedia_videodev--win32-vc8-debug\pjmedia_videodev.tlog\lib-link.read.1.tlog
c:\mkr_proj_git\mkr_proj\newunidriver\voip\pjsip-245\pjmedia\build\output\pjmedia_videodev--win32-vc8-debug\pjmedia_videodev.tlog\lib-link.write.1.tlog
c:\mkr_proj_git\mkr_proj\newunidriver\voip\pjsip-245\pjmedia\build\output\pjmedia_videodev--win32-vc8-debug\pjmedia_videodev.tlog\lib.command.1.tlog
