C:\my\FCNavigation\FCNav-kernel-mvs\VCProjects\angleproject\samples\Debug\libEGL.exp
C:\my\FCNavigation\FCNav-kernel-mvs\VCProjects\angleproject\samples\Debug\libEGL.lib
C:\MY\FCNAVIGATION\FCNAV-KERNEL-MVS\VCPROJECTS\ANGLEPROJECT\SRC\DEBUG\LIBEGL.DLL
C:\my\FCNavigation\FCNav-kernel-mvs\VCProjects\angleproject\src\Debug\libEGL.exp
C:\MY\FCNAVIGATION\FCNAV-KERNEL-MVS\VCPROJECTS\ANGLEPROJECT\SRC\DEBUG\LIBEGL.ILK
C:\my\FCNavigation\FCNav-kernel-mvs\VCProjects\angleproject\src\Debug\libEGL.lib
C:\MY\FCNAVIGATION\FCNAV-KERNEL-MVS\VCPROJECTS\ANGLEPROJECT\SRC\DEBUG\LIBEGL.PDB
C:\my\FCNavigation\FCNav-kernel-mvs\VCProjects\angleproject\src\libEGL\Debug\cl.command.1.tlog
C:\my\FCNavigation\FCNav-kernel-mvs\VCProjects\angleproject\src\libEGL\Debug\CL.read.1.tlog
C:\my\FCNavigation\FCNav-kernel-mvs\VCProjects\angleproject\src\libEGL\Debug\CL.write.1.tlog
C:\MY\FCNAVIGATION\FCNAV-KERNEL-MVS\VCPROJECTS\ANGLEPROJECT\SRC\LIBEGL\DEBUG\CONFIG.OBJ
C:\MY\FCNAVIGATION\FCNAV-KERNEL-MVS\VCPROJECTS\ANGLEPROJECT\SRC\LIBEGL\DEBUG\DEBUG.OBJ
C:\MY\FCNAVIGATION\FCNAV-KERNEL-MVS\VCPROJECTS\ANGLEPROJECT\SRC\LIBEGL\DEBUG\DISPLAY.OBJ
C:\MY\FCNAVIGATION\FCNAV-KERNEL-MVS\VCPROJECTS\ANGLEPROJECT\SRC\LIBEGL\DEBUG\LIBEGL.DLL.EMBED.MANIFEST
C:\MY\FCNAVIGATION\FCNAV-KERNEL-MVS\VCPROJECTS\ANGLEPROJECT\SRC\LIBEGL\DEBUG\LIBEGL.DLL.EMBED.MANIFEST.RES
C:\MY\FCNAVIGATION\FCNAV-KERNEL-MVS\VCPROJECTS\ANGLEPROJECT\SRC\LIBEGL\DEBUG\LIBEGL.DLL.INTERMEDIATE.MANIFEST
C:\MY\FCNAVIGATION\FCNAV-KERNEL-MVS\VCPROJECTS\ANGLEPROJECT\SRC\LIBEGL\DEBUG\LIBEGL.OBJ
C:\MY\FCNAVIGATION\FCNAV-KERNEL-MVS\VCPROJECTS\ANGLEPROJECT\SRC\LIBEGL\DEBUG\LIBEGL.RES
C:\my\FCNavigation\FCNav-kernel-mvs\VCProjects\angleproject\src\libEGL\Debug\libEGL.write.1.tlog
C:\my\FCNavigation\FCNav-kernel-mvs\VCProjects\angleproject\src\libEGL\Debug\libEGL_manifest.rc
C:\my\FCNavigation\FCNav-kernel-mvs\VCProjects\angleproject\src\libEGL\Debug\link.4320.read.1.tlog
C:\my\FCNavigation\FCNav-kernel-mvs\VCProjects\angleproject\src\libEGL\Debug\link.4320.write.1.tlog
C:\my\FCNavigation\FCNav-kernel-mvs\VCProjects\angleproject\src\libEGL\Debug\link.4320-cvtres.read.1.tlog
C:\my\FCNavigation\FCNav-kernel-mvs\VCProjects\angleproject\src\libEGL\Debug\link.4320-cvtres.write.1.tlog
C:\my\FCNavigation\FCNav-kernel-mvs\VCProjects\angleproject\src\libEGL\Debug\link.4576.read.1.tlog
C:\my\FCNavigation\FCNav-kernel-mvs\VCProjects\angleproject\src\libEGL\Debug\link.4576.write.1.tlog
C:\my\FCNavigation\FCNav-kernel-mvs\VCProjects\angleproject\src\libEGL\Debug\link.4576-cvtres.read.1.tlog
C:\my\FCNavigation\FCNav-kernel-mvs\VCProjects\angleproject\src\libEGL\Debug\link.4576-cvtres.write.1.tlog
C:\my\FCNavigation\FCNav-kernel-mvs\VCProjects\angleproject\src\libEGL\Debug\link.6560.read.1.tlog
C:\my\FCNavigation\FCNav-kernel-mvs\VCProjects\angleproject\src\libEGL\Debug\link.6560.write.1.tlog
C:\my\FCNavigation\FCNav-kernel-mvs\VCProjects\angleproject\src\libEGL\Debug\link.6560-cvtres.read.1.tlog
C:\my\FCNavigation\FCNav-kernel-mvs\VCProjects\angleproject\src\libEGL\Debug\link.6560-cvtres.write.1.tlog
C:\my\FCNavigation\FCNav-kernel-mvs\VCProjects\angleproject\src\libEGL\Debug\link.6868.read.1.tlog
C:\my\FCNavigation\FCNav-kernel-mvs\VCProjects\angleproject\src\libEGL\Debug\link.6868.write.1.tlog
C:\my\FCNavigation\FCNav-kernel-mvs\VCProjects\angleproject\src\libEGL\Debug\link.6868-cvtres.read.1.tlog
C:\my\FCNavigation\FCNav-kernel-mvs\VCProjects\angleproject\src\libEGL\Debug\link.6868-cvtres.write.1.tlog
C:\my\FCNavigation\FCNav-kernel-mvs\VCProjects\angleproject\src\libEGL\Debug\link.6988.read.1.tlog
C:\my\FCNavigation\FCNav-kernel-mvs\VCProjects\angleproject\src\libEGL\Debug\link.6988.write.1.tlog
C:\my\FCNavigation\FCNav-kernel-mvs\VCProjects\angleproject\src\libEGL\Debug\link.6988-cvtres.read.1.tlog
C:\my\FCNavigation\FCNav-kernel-mvs\VCProjects\angleproject\src\libEGL\Debug\link.6988-cvtres.write.1.tlog
C:\my\FCNavigation\FCNav-kernel-mvs\VCProjects\angleproject\src\libEGL\Debug\link.7164.read.1.tlog
C:\my\FCNavigation\FCNav-kernel-mvs\VCProjects\angleproject\src\libEGL\Debug\link.7164.write.1.tlog
C:\my\FCNavigation\FCNav-kernel-mvs\VCProjects\angleproject\src\libEGL\Debug\link.7164-cvtres.read.1.tlog
C:\my\FCNavigation\FCNav-kernel-mvs\VCProjects\angleproject\src\libEGL\Debug\link.7164-cvtres.write.1.tlog
C:\my\FCNavigation\FCNav-kernel-mvs\VCProjects\angleproject\src\libEGL\Debug\link.command.1.tlog
C:\my\FCNavigation\FCNav-kernel-mvs\VCProjects\angleproject\src\libEGL\Debug\link.read.1.tlog
C:\my\FCNavigation\FCNav-kernel-mvs\VCProjects\angleproject\src\libEGL\Debug\link.write.1.tlog
C:\my\FCNavigation\FCNav-kernel-mvs\VCProjects\angleproject\src\libEGL\Debug\link-cvtres.read.1.tlog
C:\my\FCNavigation\FCNav-kernel-mvs\VCProjects\angleproject\src\libEGL\Debug\link-cvtres.write.1.tlog
C:\MY\FCNAVIGATION\FCNAV-KERNEL-MVS\VCPROJECTS\ANGLEPROJECT\SRC\LIBEGL\DEBUG\MAIN.OBJ
C:\my\FCNavigation\FCNav-kernel-mvs\VCProjects\angleproject\src\libEGL\Debug\mt.command.1.tlog
C:\my\FCNavigation\FCNav-kernel-mvs\VCProjects\angleproject\src\libEGL\Debug\mt.read.1.tlog
C:\my\FCNavigation\FCNav-kernel-mvs\VCProjects\angleproject\src\libEGL\Debug\mt.write.1.tlog
C:\my\FCNavigation\FCNav-kernel-mvs\VCProjects\angleproject\src\libEGL\Debug\rc.command.1.tlog
C:\my\FCNavigation\FCNav-kernel-mvs\VCProjects\angleproject\src\libEGL\Debug\rc.read.1.tlog
C:\my\FCNavigation\FCNav-kernel-mvs\VCProjects\angleproject\src\libEGL\Debug\rc.write.1.tlog
C:\my\FCNavigation\FCNav-kernel-mvs\VCProjects\angleproject\src\libEGL\Debug\ResolveAssemblyReference.cache
C:\MY\FCNAVIGATION\FCNAV-KERNEL-MVS\VCPROJECTS\ANGLEPROJECT\SRC\LIBEGL\DEBUG\SURFACE.OBJ
C:\my\FCNavigation\FCNav-kernel-mvs\VCProjects\angleproject\src\libEGL\Debug\vc100.idb
C:\MY\FCNAVIGATION\FCNAV-KERNEL-MVS\VCPROJECTS\ANGLEPROJECT\SRC\LIBEGL\DEBUG\VC100.PDB
